[2025-06-18 23:28:56][Информация]: Таска поднялась
[2025-06-18 23:28:56][Информация]: Проверка подписок...
[2025-06-18 23:29:00][Информация]: Подписки в порядке
[2025-06-18 23:29:00][Информация]: Парсинг начат
[2025-06-18 23:29:07][Информация]: Парсинг закончен
[2025-06-18 23:29:37][Информация]: Проверка подписок...
[2025-06-18 23:29:41][Информация]: Подписки в порядке
[2025-06-18 23:29:41][Информация]: Парсинг начат
[2025-06-18 23:29:49][Предупреждение]: /allbestbets/ Попытка найти несуществующий селектор
[2025-06-18 23:29:49][Информация]: Парсинг закончен
[2025-06-18 23:30:19][Информация]: Проверка подписок...
[2025-06-18 23:30:23][Информация]: Подписки в порядке
[2025-06-18 23:30:23][Информация]: Парсинг начат
[2025-06-18 23:30:33][Информация]: Парсинг закончен
[2025-06-18 23:31:03][Информация]: Проверка подписок...
[2025-06-18 23:31:07][Информация]: Подписки в порядке
[2025-06-18 23:31:07][Информация]: Парсинг начат
[2025-06-18 23:31:17][Информация]: Парсинг закончен
[2025-06-18 23:31:47][Информация]: Проверка подписок...
[2025-06-18 23:31:51][Информация]: Подписки в порядке
[2025-06-18 23:31:51][Информация]: Парсинг начат
[2025-06-18 23:31:58][Информация]: Парсинг закончен
[2025-06-18 23:32:28][Информация]: Проверка подписок...
[2025-06-18 23:32:32][Информация]: Подписки в порядке
[2025-06-18 23:32:32][Информация]: Парсинг начат
[2025-06-18 23:32:45][Информация]: Парсинг закончен
[2025-06-18 23:33:15][Информация]: Проверка подписок...
[2025-06-18 23:33:19][Информация]: Подписки в порядке
[2025-06-18 23:33:19][Информация]: Парсинг начат
[2025-06-18 23:33:39][Информация]: Парсинг закончен
[2025-06-18 23:34:09][Информация]: Проверка подписок...
[2025-06-18 23:34:12][Информация]: Подписки в порядке
[2025-06-18 23:34:12][Информация]: Парсинг начат
[2025-06-18 23:34:31][Информация]: Парсинг закончен
[2025-06-18 23:35:01][Информация]: Проверка подписок...
[2025-06-18 23:35:05][Информация]: Подписки в порядке
[2025-06-18 23:35:05][Информация]: Парсинг начат
[2025-06-18 23:35:22][Информация]: Парсинг закончен
[2025-06-18 23:35:52][Информация]: Проверка подписок...
[2025-06-18 23:35:56][Информация]: Подписки в порядке
[2025-06-18 23:35:56][Информация]: Парсинг начат
[2025-06-18 23:36:06][Информация]: Парсинг закончен
[2025-06-18 23:36:36][Информация]: Проверка подписок...
[2025-06-18 23:36:40][Информация]: Подписки в порядке
[2025-06-18 23:36:40][Информация]: Парсинг начат
[2025-06-18 23:36:50][Информация]: Парсинг закончен
[2025-06-18 23:37:11][Предупреждение]: Received SIGINT signal
