[2025-06-18 18:40:43][Информация]: Таска поднялась
[2025-06-18 18:40:43][Информация]: Таска закончилась
[2025-06-18 18:49:43][Информация]: Таска поднялась
[2025-06-18 18:49:43][Информация]: Проверка подписок...
[2025-06-18 18:49:50][Информация]: Подписки в порядке
[2025-06-18 18:49:50][Информация]: Парсинг начат
[2025-06-18 18:50:00][Информация]: Парсинг закончен
[2025-06-18 18:50:30][Информация]: Проверка подписок...
[2025-06-18 18:50:35][Информация]: Подписки в порядке
[2025-06-18 18:50:35][Информация]: Парсинг начат
[2025-06-18 18:50:49][Информация]: Парсинг закончен
[2025-06-18 18:51:19][Информация]: Проверка подписок...
[2025-06-18 18:51:23][Информация]: Подписки в порядке
[2025-06-18 18:51:23][Информация]: Парсинг начат
[2025-06-18 18:51:38][Предупреждение]: /allbestbets/ Попытка найти несуществующий селектор
[2025-06-18 18:51:41][Информация]: Парсинг закончен
[2025-06-18 18:52:11][Информация]: Проверка подписок...
[2025-06-18 18:52:15][Информация]: Подписки в порядке
[2025-06-18 18:52:15][Информация]: Парсинг начат
[2025-06-18 18:52:26][Информация]: Парсинг закончен
[2025-06-18 18:52:56][Информация]: Проверка подписок...
[2025-06-18 18:53:00][Информация]: Подписки в порядке
[2025-06-18 18:53:00][Информация]: Парсинг начат
[2025-06-18 18:53:13][Информация]: Парсинг закончен
[2025-06-18 18:53:43][Информация]: Проверка подписок...
[2025-06-18 18:53:47][Информация]: Подписки в порядке
[2025-06-18 18:53:47][Информация]: Парсинг начат
[2025-06-18 18:54:04][Информация]: Парсинг закончен
[2025-06-18 18:54:34][Информация]: Проверка подписок...
[2025-06-18 18:54:38][Информация]: Подписки в порядке
[2025-06-18 18:54:38][Информация]: Парсинг начат
[2025-06-18 18:54:47][Информация]: Парсинг закончен
[2025-06-18 18:55:17][Информация]: Проверка подписок...
[2025-06-18 18:55:21][Информация]: Подписки в порядке
[2025-06-18 18:55:21][Информация]: Парсинг начат
[2025-06-18 18:55:35][Информация]: Парсинг закончен
[2025-06-18 18:56:05][Информация]: Проверка подписок...
[2025-06-18 18:56:09][Информация]: Подписки в порядке
[2025-06-18 18:56:09][Информация]: Парсинг начат
[2025-06-18 18:56:15][Информация]: Парсинг закончен
[2025-06-18 18:56:45][Информация]: Проверка подписок...
[2025-06-18 18:56:49][Информация]: Подписки в порядке
[2025-06-18 18:56:49][Информация]: Парсинг начат
[2025-06-18 18:56:56][Информация]: Парсинг закончен
[2025-06-18 18:57:26][Информация]: Проверка подписок...
[2025-06-18 18:57:30][Информация]: Подписки в порядке
[2025-06-18 18:57:30][Информация]: Парсинг начат
[2025-06-18 18:57:37][Информация]: Парсинг закончен
[2025-06-18 18:58:07][Информация]: Проверка подписок...
[2025-06-18 18:58:10][Информация]: Подписки в порядке
[2025-06-18 18:58:10][Информация]: Парсинг начат
[2025-06-18 18:58:17][Информация]: Парсинг закончен
[2025-06-18 18:58:47][Информация]: Проверка подписок...
[2025-06-18 18:58:51][Информация]: Подписки в порядке
[2025-06-18 18:58:51][Информация]: Парсинг начат
[2025-06-18 18:58:58][Информация]: Парсинг закончен
[2025-06-18 18:59:28][Информация]: Проверка подписок...
[2025-06-18 18:59:32][Информация]: Подписки в порядке
[2025-06-18 18:59:32][Информация]: Парсинг начат
[2025-06-18 18:59:38][Информация]: Парсинг закончен
[2025-06-18 19:00:08][Информация]: Проверка подписок...
[2025-06-18 19:00:17][Информация]: Подписки в порядке
[2025-06-18 19:00:17][Информация]: Парсинг начат
[2025-06-18 19:00:24][Информация]: Парсинг закончен
[2025-06-18 19:00:54][Информация]: Проверка подписок...
[2025-06-18 19:00:58][Информация]: Подписки в порядке
[2025-06-18 19:00:58][Информация]: Парсинг начат
[2025-06-18 19:01:04][Информация]: Парсинг закончен
[2025-06-18 19:01:34][Информация]: Проверка подписок...
[2025-06-18 19:01:38][Информация]: Подписки в порядке
[2025-06-18 19:01:38][Информация]: Парсинг начат
[2025-06-18 19:01:47][Предупреждение]: /allbestbets/ Попытка найти несуществующий селектор
[2025-06-18 19:01:49][Предупреждение]: /allbestbets/ Попытка найти несуществующий селектор
[2025-06-18 19:01:49][Информация]: Парсинг закончен
[2025-06-18 19:02:19][Информация]: Проверка подписок...
[2025-06-18 19:02:23][Информация]: Подписки в порядке
[2025-06-18 19:02:23][Информация]: Парсинг начат
[2025-06-18 19:02:32][Предупреждение]: /allbestbets/ Попытка найти несуществующий селектор
[2025-06-18 19:02:38][Предупреждение]: /allbestbets/ Попытка найти несуществующий селектор
[2025-06-18 19:02:38][Информация]: Парсинг закончен
[2025-06-18 19:03:08][Информация]: Проверка подписок...
[2025-06-18 19:03:11][Информация]: Подписки в порядке
[2025-06-18 19:03:11][Информация]: Парсинг начат
[2025-06-18 19:03:20][Ошибка]: ElementHandle.click: Element is not attached to the DOM
Call log:
  - attempting click action
    - waiting for element to be visible, enabled and stable
    - element is visible, enabled and stable
    - scrolling into view if needed
    - done scrolling

[2025-06-18 19:03:20][Информация]: Парсинг закончен
[2025-06-18 19:03:50][Информация]: Проверка подписок...
[2025-06-18 19:03:54][Информация]: Подписки в порядке
[2025-06-18 19:03:54][Информация]: Парсинг начат
[2025-06-18 19:04:03][Предупреждение]: /allbestbets/ Попытка найти несуществующий селектор
[2025-06-18 19:04:07][Информация]: Парсинг закончен
[2025-06-18 19:04:37][Информация]: Проверка подписок...
[2025-06-18 19:04:41][Информация]: Подписки в порядке
[2025-06-18 19:04:41][Информация]: Парсинг начат
[2025-06-18 19:04:51][Информация]: Парсинг закончен
[2025-06-18 19:05:21][Информация]: Проверка подписок...
[2025-06-18 19:05:25][Информация]: Подписки в порядке
[2025-06-18 19:05:25][Информация]: Парсинг начат
[2025-06-18 19:05:35][Информация]: Парсинг закончен
[2025-06-18 19:06:05][Информация]: Проверка подписок...
[2025-06-18 19:06:09][Информация]: Подписки в порядке
[2025-06-18 19:06:09][Информация]: Парсинг начат
[2025-06-18 19:06:16][Информация]: Парсинг закончен
[2025-06-18 19:06:46][Информация]: Проверка подписок...
[2025-06-18 19:06:50][Информация]: Подписки в порядке
[2025-06-18 19:06:50][Информация]: Парсинг начат
[2025-06-18 19:06:57][Информация]: Парсинг закончен
[2025-06-18 19:07:27][Информация]: Проверка подписок...
[2025-06-18 19:07:30][Информация]: Подписки в порядке
[2025-06-18 19:07:30][Информация]: Парсинг начат
[2025-06-18 19:07:41][Информация]: Парсинг закончен
[2025-06-18 19:08:11][Информация]: Проверка подписок...
[2025-06-18 19:08:14][Информация]: Подписки в порядке
[2025-06-18 19:08:14][Информация]: Парсинг начат
[2025-06-18 19:08:28][Информация]: Парсинг закончен
[2025-06-18 19:08:58][Информация]: Проверка подписок...
[2025-06-18 19:09:02][Информация]: Подписки в порядке
[2025-06-18 19:09:02][Информация]: Парсинг начат
[2025-06-18 19:09:14][Предупреждение]: /allbestbets/ Попытка найти несуществующий селектор
[2025-06-18 19:09:14][Информация]: Парсинг закончен
[2025-06-18 19:09:44][Информация]: Проверка подписок...
[2025-06-18 19:09:48][Информация]: Подписки в порядке
[2025-06-18 19:09:48][Информация]: Парсинг начат
[2025-06-18 19:09:57][Предупреждение]: /allbestbets/ Попытка найти несуществующий селектор
[2025-06-18 19:10:00][Информация]: Парсинг закончен
[2025-06-18 19:10:30][Информация]: Проверка подписок...
[2025-06-18 19:10:34][Информация]: Подписки в порядке
[2025-06-18 19:10:34][Информация]: Парсинг начат
[2025-06-18 19:10:43][Предупреждение]: /allbestbets/ Попытка найти несуществующий селектор
[2025-06-18 19:10:43][Информация]: Парсинг закончен
[2025-06-18 19:11:13][Информация]: Проверка подписок...
[2025-06-18 19:11:17][Информация]: Подписки в порядке
[2025-06-18 19:11:17][Информация]: Парсинг начат
[2025-06-18 19:11:25][Предупреждение]: /allbestbets/ Попытка найти несуществующий селектор
[2025-06-18 19:11:25][Информация]: Парсинг закончен
[2025-06-18 19:11:55][Информация]: Проверка подписок...
[2025-06-18 19:11:59][Информация]: Подписки в порядке
[2025-06-18 19:11:59][Информация]: Парсинг начат
[2025-06-18 19:12:09][Информация]: Парсинг закончен
[2025-06-18 19:12:39][Информация]: Проверка подписок...
[2025-06-18 19:12:43][Информация]: Подписки в порядке
[2025-06-18 19:12:43][Информация]: Парсинг начат
[2025-06-18 19:12:53][Информация]: Парсинг закончен
[2025-06-18 19:13:23][Информация]: Проверка подписок...
[2025-06-18 19:13:27][Информация]: Подписки в порядке
[2025-06-18 19:13:27][Информация]: Парсинг начат
[2025-06-18 19:13:37][Информация]: Парсинг закончен
[2025-06-18 19:14:07][Информация]: Проверка подписок...
[2025-06-18 19:14:11][Информация]: Подписки в порядке
[2025-06-18 19:14:11][Информация]: Парсинг начат
[2025-06-18 19:14:18][Информация]: /allbestbets/ Список прогнозов пуст в данный момент
[2025-06-18 19:14:18][Информация]: Парсинг закончен
[2025-06-18 19:14:48][Информация]: Проверка подписок...
[2025-06-18 19:14:52][Информация]: Подписки в порядке
[2025-06-18 19:14:52][Информация]: Парсинг начат
[2025-06-18 19:15:02][Информация]: Парсинг закончен
[2025-06-18 19:15:32][Информация]: Проверка подписок...
[2025-06-18 19:15:36][Информация]: Подписки в порядке
[2025-06-18 19:15:36][Информация]: Парсинг начат
[2025-06-18 19:15:42][Информация]: /allbestbets/ Список прогнозов пуст в данный момент
[2025-06-18 19:15:42][Информация]: Парсинг закончен
[2025-06-18 19:16:12][Информация]: Проверка подписок...
[2025-06-18 19:16:16][Информация]: Подписки в порядке
[2025-06-18 19:16:16][Информация]: Парсинг начат
[2025-06-18 19:16:26][Информация]: Парсинг закончен
[2025-06-18 19:16:56][Информация]: Проверка подписок...
[2025-06-18 19:17:00][Информация]: Подписки в порядке
[2025-06-18 19:17:00][Информация]: Парсинг начат
[2025-06-18 19:17:11][Информация]: Парсинг закончен
[2025-06-18 19:17:41][Информация]: Проверка подписок...
[2025-06-18 19:17:44][Информация]: Подписки в порядке
[2025-06-18 19:17:44][Информация]: Парсинг начат
[2025-06-18 19:17:55][Информация]: Парсинг закончен
[2025-06-18 19:18:25][Информация]: Проверка подписок...
[2025-06-18 19:18:29][Информация]: Подписки в порядке
[2025-06-18 19:18:29][Информация]: Парсинг начат
[2025-06-18 19:18:36][Информация]: /allbestbets/ Список прогнозов пуст в данный момент
[2025-06-18 19:18:36][Информация]: Парсинг закончен
[2025-06-18 19:19:06][Информация]: Проверка подписок...
[2025-06-18 19:19:10][Информация]: Подписки в порядке
[2025-06-18 19:19:10][Информация]: Парсинг начат
[2025-06-18 19:19:16][Информация]: /allbestbets/ Список прогнозов пуст в данный момент
[2025-06-18 19:19:16][Информация]: Парсинг закончен
[2025-06-18 19:19:46][Информация]: Проверка подписок...
[2025-06-18 19:19:50][Информация]: Подписки в порядке
[2025-06-18 19:19:50][Информация]: Парсинг начат
[2025-06-18 19:19:56][Информация]: /allbestbets/ Список прогнозов пуст в данный момент
[2025-06-18 19:19:56][Информация]: Парсинг закончен
[2025-06-18 19:20:26][Информация]: Проверка подписок...
[2025-06-18 19:20:30][Информация]: Подписки в порядке
[2025-06-18 19:20:30][Информация]: Парсинг начат
[2025-06-18 19:20:36][Информация]: /allbestbets/ Список прогнозов пуст в данный момент
[2025-06-18 19:20:36][Информация]: Парсинг закончен
[2025-06-18 19:21:06][Информация]: Проверка подписок...
[2025-06-18 19:21:10][Информация]: Подписки в порядке
[2025-06-18 19:21:10][Информация]: Парсинг начат
[2025-06-18 19:21:17][Информация]: /allbestbets/ Список прогнозов пуст в данный момент
[2025-06-18 19:21:17][Информация]: Парсинг закончен
[2025-06-18 19:21:47][Информация]: Проверка подписок...
[2025-06-18 19:21:51][Информация]: Подписки в порядке
[2025-06-18 19:21:51][Информация]: Парсинг начат
[2025-06-18 19:22:01][Информация]: Парсинг закончен
[2025-06-18 19:22:31][Информация]: Проверка подписок...
[2025-06-18 19:22:35][Информация]: Подписки в порядке
[2025-06-18 19:22:35][Информация]: Парсинг начат
[2025-06-18 19:22:41][Информация]: /allbestbets/ Список прогнозов пуст в данный момент
[2025-06-18 19:22:41][Информация]: Парсинг закончен
[2025-06-18 19:23:11][Информация]: Проверка подписок...
[2025-06-18 19:23:15][Информация]: Подписки в порядке
[2025-06-18 19:23:15][Информация]: Парсинг начат
[2025-06-18 19:23:21][Информация]: /allbestbets/ Список прогнозов пуст в данный момент
[2025-06-18 19:23:22][Информация]: Парсинг закончен
[2025-06-18 19:23:52][Информация]: Проверка подписок...
[2025-06-18 19:23:55][Информация]: Подписки в порядке
[2025-06-18 19:23:55][Информация]: Парсинг начат
[2025-06-18 19:24:02][Информация]: /allbestbets/ Список прогнозов пуст в данный момент
[2025-06-18 19:24:02][Информация]: Парсинг закончен
[2025-06-18 19:24:32][Информация]: Проверка подписок...
[2025-06-18 19:24:36][Информация]: Подписки в порядке
[2025-06-18 19:24:36][Информация]: Парсинг начат
[2025-06-18 19:24:42][Информация]: /allbestbets/ Список прогнозов пуст в данный момент
[2025-06-18 19:24:42][Информация]: Парсинг закончен
[2025-06-18 19:25:12][Информация]: Проверка подписок...
[2025-06-18 19:25:16][Информация]: Подписки в порядке
[2025-06-18 19:25:16][Информация]: Парсинг начат
[2025-06-18 19:25:22][Информация]: /allbestbets/ Список прогнозов пуст в данный момент
[2025-06-18 19:25:22][Информация]: Парсинг закончен
[2025-06-18 19:25:52][Информация]: Проверка подписок...
[2025-06-18 19:25:56][Информация]: Подписки в порядке
[2025-06-18 19:25:56][Информация]: Парсинг начат
[2025-06-18 19:26:02][Информация]: /allbestbets/ Список прогнозов пуст в данный момент
[2025-06-18 19:26:02][Информация]: Парсинг закончен
[2025-06-18 19:26:32][Информация]: Проверка подписок...
[2025-06-18 19:26:36][Информация]: Подписки в порядке
[2025-06-18 19:26:36][Информация]: Парсинг начат
[2025-06-18 19:26:42][Информация]: /allbestbets/ Список прогнозов пуст в данный момент
[2025-06-18 19:26:42][Информация]: Парсинг закончен
[2025-06-18 19:27:12][Информация]: Проверка подписок...
[2025-06-18 19:27:16][Информация]: Подписки в порядке
[2025-06-18 19:27:16][Информация]: Парсинг начат
[2025-06-18 19:27:26][Информация]: Парсинг закончен
[2025-06-18 19:27:56][Информация]: Проверка подписок...
[2025-06-18 19:28:00][Информация]: Подписки в порядке
[2025-06-18 19:28:00][Информация]: Парсинг начат
[2025-06-18 19:28:07][Информация]: /allbestbets/ Список прогнозов пуст в данный момент
[2025-06-18 19:28:07][Информация]: Парсинг закончен
[2025-06-18 19:28:37][Информация]: Проверка подписок...
[2025-06-18 19:28:41][Информация]: Подписки в порядке
[2025-06-18 19:28:41][Информация]: Парсинг начат
[2025-06-18 19:28:47][Информация]: /allbestbets/ Список прогнозов пуст в данный момент
[2025-06-18 19:28:47][Информация]: Парсинг закончен
[2025-06-18 19:29:17][Информация]: Проверка подписок...
[2025-06-18 19:29:21][Информация]: Подписки в порядке
[2025-06-18 19:29:21][Информация]: Парсинг начат
[2025-06-18 19:29:27][Информация]: /allbestbets/ Список прогнозов пуст в данный момент
[2025-06-18 19:29:28][Информация]: Парсинг закончен
[2025-06-18 19:29:58][Информация]: Проверка подписок...
[2025-06-18 19:30:02][Информация]: Подписки в порядке
[2025-06-18 19:30:02][Информация]: Парсинг начат
[2025-06-18 19:30:13][Информация]: Парсинг закончен
[2025-06-18 19:30:43][Информация]: Проверка подписок...
[2025-06-18 19:30:46][Информация]: Подписки в порядке
[2025-06-18 19:30:46][Информация]: Парсинг начат
[2025-06-18 19:30:55][Предупреждение]: /allbestbets/ Попытка найти несуществующий селектор
[2025-06-18 19:31:00][Предупреждение]: /allbestbets/ Попытка найти несуществующий селектор
[2025-06-18 19:31:01][Информация]: Парсинг закончен
[2025-06-18 19:31:31][Информация]: Проверка подписок...
[2025-06-18 19:31:34][Информация]: Подписки в порядке
[2025-06-18 19:31:34][Информация]: Парсинг начат
[2025-06-18 19:31:41][Информация]: /allbestbets/ Список прогнозов пуст в данный момент
[2025-06-18 19:31:41][Информация]: Парсинг закончен
[2025-06-18 19:32:11][Информация]: Проверка подписок...
[2025-06-18 19:32:15][Информация]: Подписки в порядке
[2025-06-18 19:32:15][Информация]: Парсинг начат
[2025-06-18 19:32:21][Информация]: /allbestbets/ Список прогнозов пуст в данный момент
[2025-06-18 19:32:21][Информация]: Парсинг закончен
[2025-06-18 19:32:51][Информация]: Проверка подписок...
[2025-06-18 19:32:56][Информация]: Подписки в порядке
[2025-06-18 19:32:56][Информация]: Парсинг начат
[2025-06-18 19:33:06][Информация]: Парсинг закончен
[2025-06-18 19:33:36][Информация]: Проверка подписок...
[2025-06-18 19:33:40][Информация]: Подписки в порядке
[2025-06-18 19:33:40][Информация]: Парсинг начат
[2025-06-18 19:33:50][Информация]: Парсинг закончен
[2025-06-18 19:34:20][Информация]: Проверка подписок...
[2025-06-18 19:34:24][Информация]: Подписки в порядке
[2025-06-18 19:34:24][Информация]: Парсинг начат
[2025-06-18 19:34:35][Предупреждение]: /allbestbets/ Попытка найти несуществующий селектор
[2025-06-18 19:34:35][Информация]: Парсинг закончен
[2025-06-18 19:35:05][Информация]: Проверка подписок...
[2025-06-18 19:35:09][Информация]: Подписки в порядке
[2025-06-18 19:35:09][Информация]: Парсинг начат
[2025-06-18 19:35:21][Предупреждение]: /allbestbets/ Попытка найти несуществующий селектор
[2025-06-18 19:35:22][Информация]: Парсинг закончен
[2025-06-18 19:35:52][Информация]: Проверка подписок...
[2025-06-18 19:35:55][Информация]: Подписки в порядке
[2025-06-18 19:35:55][Информация]: Парсинг начат
[2025-06-18 19:36:09][Информация]: Парсинг закончен
[2025-06-18 19:36:39][Информация]: Проверка подписок...
[2025-06-18 19:36:42][Информация]: Подписки в порядке
[2025-06-18 19:36:42][Информация]: Парсинг начат
[2025-06-18 19:36:51][Ошибка]: ElementHandle.click: Element is not attached to the DOM
Call log:
  - attempting click action
    - waiting for element to be visible, enabled and stable
    - element is not stable
  - retrying click action
    - waiting for element to be visible, enabled and stable

[2025-06-18 19:36:52][Информация]: Парсинг закончен
[2025-06-18 19:37:22][Информация]: Проверка подписок...
[2025-06-18 19:37:25][Информация]: Подписки в порядке
[2025-06-18 19:37:25][Информация]: Парсинг начат
[2025-06-18 19:37:38][Ошибка]: ElementHandle.scroll_into_view_if_needed: Element is not attached to the DOM
Call log:
  - attempting scroll into view action
    - waiting for element to be stable
    - element is not stable
  - retrying scroll into view action
    - waiting for element to be stable

[2025-06-18 19:37:38][Информация]: Парсинг закончен
[2025-06-18 19:38:08][Информация]: Проверка подписок...
[2025-06-18 19:38:11][Информация]: Подписки в порядке
[2025-06-18 19:38:12][Информация]: Парсинг начат
[2025-06-18 19:38:24][Ошибка]: ElementHandle.click: Element is not attached to the DOM
Call log:
  - attempting click action
    - waiting for element to be visible, enabled and stable

[2025-06-18 19:38:24][Информация]: Парсинг закончен
[2025-06-18 19:38:54][Информация]: Проверка подписок...
[2025-06-18 19:38:58][Информация]: Подписки в порядке
[2025-06-18 19:38:58][Информация]: Парсинг начат
[2025-06-18 19:39:10][Ошибка]: ElementHandle.click: Element is not attached to the DOM
Call log:
  - attempting click action
    - waiting for element to be visible, enabled and stable
    - element is not stable
  - retrying click action
    - waiting for element to be visible, enabled and stable

[2025-06-18 19:39:10][Информация]: Парсинг закончен
[2025-06-18 19:39:40][Информация]: Проверка подписок...
[2025-06-18 19:39:44][Информация]: Подписки в порядке
[2025-06-18 19:39:44][Информация]: Парсинг начат
[2025-06-18 19:39:57][Информация]: Парсинг закончен
[2025-06-18 19:40:27][Информация]: Проверка подписок...
[2025-06-18 19:40:31][Информация]: Подписки в порядке
[2025-06-18 19:40:31][Информация]: Парсинг начат
[2025-06-18 19:40:43][Предупреждение]: /allbestbets/ Попытка найти несуществующий селектор
[2025-06-18 19:40:43][Информация]: Парсинг закончен
[2025-06-18 19:41:13][Информация]: Проверка подписок...
[2025-06-18 19:41:17][Информация]: Подписки в порядке
[2025-06-18 19:41:17][Информация]: Парсинг начат
[2025-06-18 19:41:46][Информация]: Парсинг закончен
[2025-06-18 19:42:16][Информация]: Проверка подписок...
[2025-06-18 19:42:20][Информация]: Подписки в порядке
[2025-06-18 19:42:20][Информация]: Парсинг начат
[2025-06-18 19:42:26][Информация]: /allbestbets/ Список прогнозов пуст в данный момент
[2025-06-18 19:42:26][Информация]: Парсинг закончен
[2025-06-18 19:42:56][Информация]: Проверка подписок...
[2025-06-18 19:43:00][Информация]: Подписки в порядке
[2025-06-18 19:43:00][Информация]: Парсинг начат
[2025-06-18 19:43:29][Информация]: Парсинг закончен
[2025-06-18 19:43:59][Информация]: Проверка подписок...
[2025-06-18 19:44:03][Информация]: Подписки в порядке
[2025-06-18 19:44:03][Информация]: Парсинг начат
[2025-06-18 19:44:09][Информация]: /allbestbets/ Список прогнозов пуст в данный момент
[2025-06-18 19:44:09][Информация]: Парсинг закончен
[2025-06-18 19:44:39][Информация]: Проверка подписок...
[2025-06-18 19:44:43][Информация]: Подписки в порядке
[2025-06-18 19:44:43][Информация]: Парсинг начат
[2025-06-18 19:44:54][Информация]: Парсинг закончен
[2025-06-18 19:45:24][Информация]: Проверка подписок...
[2025-06-18 19:45:28][Информация]: Подписки в порядке
[2025-06-18 19:45:28][Информация]: Парсинг начат
[2025-06-18 19:45:38][Информация]: Парсинг закончен
[2025-06-18 19:46:08][Информация]: Проверка подписок...
[2025-06-18 19:46:12][Информация]: Подписки в порядке
[2025-06-18 19:46:12][Информация]: Парсинг начат
[2025-06-18 19:46:22][Информация]: Парсинг закончен
[2025-06-18 19:46:52][Информация]: Проверка подписок...
[2025-06-18 19:46:56][Информация]: Подписки в порядке
[2025-06-18 19:46:56][Информация]: Парсинг начат
[2025-06-18 19:47:05][Предупреждение]: /allbestbets/ Попытка найти несуществующий селектор
[2025-06-18 19:47:05][Информация]: Парсинг закончен
[2025-06-18 19:47:35][Информация]: Проверка подписок...
[2025-06-18 19:47:40][Информация]: Подписки в порядке
[2025-06-18 19:47:40][Информация]: Парсинг начат
[2025-06-18 19:47:50][Информация]: Парсинг закончен
[2025-06-18 19:48:20][Информация]: Проверка подписок...
[2025-06-18 19:48:24][Информация]: Подписки в порядке
[2025-06-18 19:48:24][Информация]: Парсинг начат
[2025-06-18 19:48:33][Ошибка]: ElementHandle.scroll_into_view_if_needed: Element is not attached to the DOM
Call log:
  - attempting scroll into view action
    - waiting for element to be stable

[2025-06-18 19:48:33][Информация]: Парсинг закончен
[2025-06-18 19:49:03][Информация]: Проверка подписок...
[2025-06-18 19:49:07][Информация]: Подписки в порядке
[2025-06-18 19:49:07][Информация]: Парсинг начат
[2025-06-18 19:49:21][Информация]: Парсинг закончен
[2025-06-18 19:49:51][Информация]: Проверка подписок...
[2025-06-18 19:49:55][Информация]: Подписки в порядке
[2025-06-18 19:49:55][Информация]: Парсинг начат
[2025-06-18 19:50:08][Информация]: Парсинг закончен
[2025-06-18 19:50:38][Информация]: Проверка подписок...
[2025-06-18 19:50:42][Информация]: Подписки в порядке
[2025-06-18 19:50:42][Информация]: Парсинг начат
[2025-06-18 19:50:55][Информация]: Парсинг закончен
[2025-06-18 19:51:25][Информация]: Проверка подписок...
[2025-06-18 19:51:29][Информация]: Подписки в порядке
[2025-06-18 19:51:29][Информация]: Парсинг начат
[2025-06-18 19:51:35][Информация]: /allbestbets/ Список прогнозов пуст в данный момент
[2025-06-18 19:51:35][Информация]: Парсинг закончен
[2025-06-18 19:52:05][Информация]: Проверка подписок...
[2025-06-18 19:52:09][Информация]: Подписки в порядке
[2025-06-18 19:52:09][Информация]: Парсинг начат
[2025-06-18 19:52:19][Информация]: Парсинг закончен
[2025-06-18 19:52:49][Информация]: Проверка подписок...
[2025-06-18 19:52:53][Информация]: Подписки в порядке
[2025-06-18 19:52:53][Информация]: Парсинг начат
[2025-06-18 19:53:03][Информация]: Парсинг закончен
[2025-06-18 19:53:33][Информация]: Проверка подписок...
[2025-06-18 19:53:37][Информация]: Подписки в порядке
[2025-06-18 19:53:37][Информация]: Парсинг начат
[2025-06-18 19:53:50][Информация]: Парсинг закончен
[2025-06-18 19:54:20][Информация]: Проверка подписок...
[2025-06-18 19:54:24][Информация]: Подписки в порядке
[2025-06-18 19:54:24][Информация]: Парсинг начат
[2025-06-18 19:54:38][Информация]: Парсинг закончен
[2025-06-18 19:55:08][Информация]: Проверка подписок...
[2025-06-18 19:55:12][Информация]: Подписки в порядке
[2025-06-18 19:55:12][Информация]: Парсинг начат
[2025-06-18 19:55:22][Информация]: Парсинг закончен
[2025-06-18 19:55:52][Информация]: Проверка подписок...
[2025-06-18 19:55:56][Информация]: Подписки в порядке
[2025-06-18 19:55:56][Информация]: Парсинг начат
[2025-06-18 19:56:11][Предупреждение]: /allbestbets/ Попытка найти несуществующий селектор
[2025-06-18 19:56:11][Информация]: Парсинг закончен
[2025-06-18 19:56:41][Информация]: Проверка подписок...
[2025-06-18 19:56:45][Информация]: Подписки в порядке
[2025-06-18 19:56:45][Информация]: Парсинг начат
[2025-06-18 19:56:57][Предупреждение]: /allbestbets/ Попытка найти несуществующий селектор
[2025-06-18 19:56:57][Информация]: Парсинг закончен
[2025-06-18 19:57:27][Информация]: Проверка подписок...
[2025-06-18 19:57:31][Информация]: Подписки в порядке
[2025-06-18 19:57:31][Информация]: Парсинг начат
[2025-06-18 19:57:43][Предупреждение]: /allbestbets/ Попытка найти несуществующий селектор
[2025-06-18 19:57:43][Информация]: Парсинг закончен
[2025-06-18 19:58:13][Информация]: Проверка подписок...
[2025-06-18 19:58:17][Информация]: Подписки в порядке
[2025-06-18 19:58:17][Информация]: Парсинг начат
[2025-06-18 19:58:28][Предупреждение]: /allbestbets/ Попытка найти несуществующий селектор
[2025-06-18 19:58:29][Информация]: Парсинг закончен
[2025-06-18 19:58:59][Информация]: Проверка подписок...
[2025-06-18 19:59:02][Информация]: Подписки в порядке
[2025-06-18 19:59:02][Информация]: Парсинг начат
[2025-06-18 19:59:15][Предупреждение]: /allbestbets/ Попытка найти несуществующий селектор
[2025-06-18 19:59:15][Информация]: Парсинг закончен
[2025-06-18 19:59:45][Информация]: Проверка подписок...
[2025-06-18 19:59:49][Информация]: Подписки в порядке
[2025-06-18 19:59:49][Информация]: Парсинг начат
[2025-06-18 19:59:58][Предупреждение]: /allbestbets/ Попытка найти несуществующий селектор
[2025-06-18 20:00:01][Информация]: Парсинг закончен
[2025-06-18 20:00:31][Информация]: Проверка подписок...
[2025-06-18 20:00:35][Информация]: Подписки в порядке
[2025-06-18 20:00:35][Информация]: Парсинг начат
[2025-06-18 20:00:44][Предупреждение]: /allbestbets/ Попытка найти несуществующий селектор
[2025-06-18 20:00:47][Информация]: Парсинг закончен
[2025-06-18 20:01:17][Информация]: Проверка подписок...
[2025-06-18 20:01:21][Информация]: Подписки в порядке
[2025-06-18 20:01:21][Информация]: Парсинг начат
[2025-06-18 20:01:31][Информация]: Парсинг закончен
[2025-06-18 20:02:01][Информация]: Проверка подписок...
[2025-06-18 20:02:05][Информация]: Подписки в порядке
[2025-06-18 20:02:05][Информация]: Парсинг начат
[2025-06-18 20:02:12][Информация]: Парсинг закончен
[2025-06-18 20:02:42][Информация]: Проверка подписок...
[2025-06-18 20:02:46][Информация]: Подписки в порядке
[2025-06-18 20:02:46][Информация]: Парсинг начат
[2025-06-18 20:02:56][Информация]: Парсинг закончен
[2025-06-18 20:03:26][Информация]: Проверка подписок...
[2025-06-18 20:03:30][Информация]: Подписки в порядке
[2025-06-18 20:03:30][Информация]: Парсинг начат
[2025-06-18 20:03:38][Предупреждение]: /allbestbets/ Попытка найти несуществующий селектор
[2025-06-18 20:03:39][Информация]: Парсинг закончен
[2025-06-18 20:04:09][Информация]: Проверка подписок...
[2025-06-18 20:04:12][Информация]: Подписки в порядке
[2025-06-18 20:04:12][Информация]: Парсинг начат
[2025-06-18 20:04:19][Информация]: Парсинг закончен
[2025-06-18 20:04:49][Информация]: Проверка подписок...
[2025-06-18 20:04:53][Информация]: Подписки в порядке
[2025-06-18 20:04:53][Информация]: Парсинг начат
[2025-06-18 20:04:59][Информация]: Парсинг закончен
[2025-06-18 20:05:29][Информация]: Проверка подписок...
[2025-06-18 20:05:33][Информация]: Подписки в порядке
[2025-06-18 20:05:33][Информация]: Парсинг начат
[2025-06-18 20:05:39][Информация]: Парсинг закончен
[2025-06-18 20:06:09][Информация]: Проверка подписок...
[2025-06-18 20:06:13][Информация]: Подписки в порядке
[2025-06-18 20:06:13][Информация]: Парсинг начат
[2025-06-18 20:06:23][Информация]: Парсинг закончен
[2025-06-18 20:06:53][Информация]: Проверка подписок...
[2025-06-18 20:06:57][Информация]: Подписки в порядке
[2025-06-18 20:06:57][Информация]: Парсинг начат
[2025-06-18 20:07:07][Информация]: Парсинг закончен
[2025-06-18 20:07:37][Информация]: Проверка подписок...
[2025-06-18 20:07:41][Информация]: Подписки в порядке
[2025-06-18 20:07:41][Информация]: Парсинг начат
[2025-06-18 20:07:51][Информация]: Парсинг закончен
[2025-06-18 20:08:21][Информация]: Проверка подписок...
[2025-06-18 20:08:25][Информация]: Подписки в порядке
[2025-06-18 20:08:25][Информация]: Парсинг начат
[2025-06-18 20:08:37][Предупреждение]: /allbestbets/ Попытка найти несуществующий селектор
[2025-06-18 20:08:40][Информация]: Парсинг закончен
[2025-06-18 20:09:10][Информация]: Проверка подписок...
[2025-06-18 20:09:14][Информация]: Подписки в порядке
[2025-06-18 20:09:14][Информация]: Парсинг начат
[2025-06-18 20:09:29][Предупреждение]: /allbestbets/ Попытка найти несуществующий селектор
[2025-06-18 20:09:32][Информация]: Парсинг закончен
[2025-06-18 20:10:02][Информация]: Проверка подписок...
[2025-06-18 20:10:06][Информация]: Подписки в порядке
[2025-06-18 20:10:06][Информация]: Парсинг начат
[2025-06-18 20:10:26][Информация]: Парсинг закончен
[2025-06-18 20:10:56][Информация]: Проверка подписок...
[2025-06-18 20:11:00][Информация]: Подписки в порядке
[2025-06-18 20:11:00][Информация]: Парсинг начат
[2025-06-18 20:11:16][Информация]: Парсинг закончен
[2025-06-18 20:11:46][Информация]: Проверка подписок...
[2025-06-18 20:11:50][Информация]: Подписки в порядке
[2025-06-18 20:11:50][Информация]: Парсинг начат
[2025-06-18 20:12:07][Информация]: Парсинг закончен
[2025-06-18 20:12:37][Информация]: Проверка подписок...
[2025-06-18 20:12:40][Информация]: Подписки в порядке
[2025-06-18 20:12:40][Информация]: Парсинг начат
[2025-06-18 20:13:02][Предупреждение]: /allbestbets/ Попытка найти несуществующий селектор
[2025-06-18 20:13:04][Предупреждение]: /allbestbets/ Попытка найти несуществующий селектор
[2025-06-18 20:13:04][Информация]: Парсинг закончен
[2025-06-18 20:13:34][Информация]: Проверка подписок...
[2025-06-18 20:13:43][Информация]: Подписки в порядке
[2025-06-18 20:13:43][Информация]: Парсинг начат
[2025-06-18 20:13:58][Предупреждение]: /allbestbets/ Попытка найти несуществующий селектор
[2025-06-18 20:14:00][Предупреждение]: /allbestbets/ Попытка найти несуществующий селектор
[2025-06-18 20:14:00][Информация]: Парсинг закончен
[2025-06-18 20:14:30][Информация]: Проверка подписок...
[2025-06-18 20:14:34][Информация]: Подписки в порядке
[2025-06-18 20:14:34][Информация]: Парсинг начат
[2025-06-18 20:15:09][Предупреждение]: /allbestbets/ Попытка найти несуществующий селектор
[2025-06-18 20:15:12][Информация]: Парсинг закончен
[2025-06-18 20:15:42][Информация]: Проверка подписок...
[2025-06-18 20:15:46][Информация]: Подписки в порядке
[2025-06-18 20:15:46][Информация]: Парсинг начат
[2025-06-18 20:16:03][Информация]: Парсинг закончен
[2025-06-18 20:16:33][Информация]: Проверка подписок...
[2025-06-18 20:16:37][Информация]: Подписки в порядке
[2025-06-18 20:16:37][Информация]: Парсинг начат
[2025-06-18 20:16:53][Информация]: Парсинг закончен
[2025-06-18 20:17:23][Информация]: Проверка подписок...
[2025-06-18 20:17:27][Информация]: Подписки в порядке
[2025-06-18 20:17:27][Информация]: Парсинг начат
[2025-06-18 20:17:41][Информация]: Парсинг закончен
[2025-06-18 20:18:11][Информация]: Проверка подписок...
[2025-06-18 20:18:15][Информация]: Подписки в порядке
[2025-06-18 20:18:15][Информация]: Парсинг начат
[2025-06-18 20:18:25][Информация]: Парсинг закончен
[2025-06-18 20:18:55][Информация]: Проверка подписок...
[2025-06-18 20:18:59][Информация]: Подписки в порядке
[2025-06-18 20:18:59][Информация]: Парсинг начат
[2025-06-18 20:19:12][Предупреждение]: /allbestbets/ Попытка найти несуществующий селектор
[2025-06-18 20:19:12][Информация]: Парсинг закончен
[2025-06-18 20:19:42][Информация]: Проверка подписок...
[2025-06-18 20:19:45][Информация]: Подписки в порядке
[2025-06-18 20:19:45][Информация]: Парсинг начат
[2025-06-18 20:19:56][Информация]: Парсинг закончен
[2025-06-18 20:20:26][Информация]: Проверка подписок...
[2025-06-18 20:20:30][Информация]: Подписки в порядке
[2025-06-18 20:20:30][Информация]: Парсинг начат
[2025-06-18 20:20:43][Информация]: Парсинг закончен
[2025-06-18 20:21:13][Информация]: Проверка подписок...
[2025-06-18 20:21:17][Информация]: Подписки в порядке
[2025-06-18 20:21:17][Информация]: Парсинг начат
[2025-06-18 20:21:27][Информация]: Парсинг закончен
[2025-06-18 20:21:57][Информация]: Проверка подписок...
[2025-06-18 20:22:02][Информация]: Подписки в порядке
[2025-06-18 20:22:02][Информация]: Парсинг начат
[2025-06-18 20:22:12][Информация]: Парсинг закончен
[2025-06-18 20:22:42][Информация]: Проверка подписок...
[2025-06-18 20:22:46][Информация]: Подписки в порядке
[2025-06-18 20:22:46][Информация]: Парсинг начат
[2025-06-18 20:22:56][Информация]: Парсинг закончен
[2025-06-18 20:23:26][Информация]: Проверка подписок...
[2025-06-18 20:23:30][Информация]: Подписки в порядке
[2025-06-18 20:23:30][Информация]: Парсинг начат
[2025-06-18 20:23:40][Информация]: Парсинг закончен
[2025-06-18 20:24:10][Информация]: Проверка подписок...
[2025-06-18 20:24:14][Информация]: Подписки в порядке
[2025-06-18 20:24:14][Информация]: Парсинг начат
[2025-06-18 20:24:27][Информация]: Парсинг закончен
[2025-06-18 20:24:57][Информация]: Проверка подписок...
[2025-06-18 20:25:01][Информация]: Подписки в порядке
[2025-06-18 20:25:01][Информация]: Парсинг начат
[2025-06-18 20:25:12][Информация]: Парсинг закончен
[2025-06-18 20:25:42][Информация]: Проверка подписок...
[2025-06-18 20:25:46][Информация]: Подписки в порядке
[2025-06-18 20:25:46][Информация]: Парсинг начат
[2025-06-18 20:25:52][Информация]: /allbestbets/ Список прогнозов пуст в данный момент
[2025-06-18 20:25:52][Информация]: Парсинг закончен
[2025-06-18 20:26:22][Информация]: Проверка подписок...
[2025-06-18 20:26:26][Информация]: Подписки в порядке
[2025-06-18 20:26:26][Информация]: Парсинг начат
[2025-06-18 20:26:33][Информация]: /allbestbets/ Список прогнозов пуст в данный момент
[2025-06-18 20:26:33][Информация]: Парсинг закончен
[2025-06-18 20:27:03][Информация]: Проверка подписок...
[2025-06-18 20:27:07][Информация]: Подписки в порядке
[2025-06-18 20:27:07][Информация]: Парсинг начат
[2025-06-18 20:27:17][Информация]: Парсинг закончен
[2025-06-18 20:27:47][Информация]: Проверка подписок...
[2025-06-18 20:27:51][Информация]: Подписки в порядке
[2025-06-18 20:27:51][Информация]: Парсинг начат
[2025-06-18 20:28:01][Информация]: Парсинг закончен
[2025-06-18 20:28:31][Информация]: Проверка подписок...
[2025-06-18 20:28:35][Информация]: Подписки в порядке
[2025-06-18 20:28:35][Информация]: Парсинг начат
[2025-06-18 20:28:48][Информация]: Парсинг закончен
[2025-06-18 20:29:18][Информация]: Проверка подписок...
[2025-06-18 20:29:22][Информация]: Подписки в порядке
[2025-06-18 20:29:22][Информация]: Парсинг начат
[2025-06-18 20:29:32][Информация]: Парсинг закончен
[2025-06-18 20:30:02][Информация]: Проверка подписок...
[2025-06-18 20:30:06][Информация]: Подписки в порядке
[2025-06-18 20:30:06][Информация]: Парсинг начат
[2025-06-18 20:30:16][Информация]: Парсинг закончен
[2025-06-18 20:30:46][Информация]: Проверка подписок...
[2025-06-18 20:30:50][Информация]: Подписки в порядке
[2025-06-18 20:30:50][Информация]: Парсинг начат
[2025-06-18 20:31:21][Информация]: Парсинг закончен
[2025-06-18 20:31:51][Информация]: Проверка подписок...
[2025-06-18 20:31:55][Информация]: Подписки в порядке
[2025-06-18 20:31:55][Информация]: Парсинг начат
[2025-06-18 20:32:04][Предупреждение]: /allbestbets/ Попытка найти несуществующий селектор
[2025-06-18 20:32:04][Информация]: Парсинг закончен
[2025-06-18 20:32:34][Информация]: Проверка подписок...
[2025-06-18 20:32:38][Информация]: Подписки в порядке
[2025-06-18 20:32:38][Информация]: Парсинг начат
[2025-06-18 20:32:47][Предупреждение]: /allbestbets/ Попытка найти несуществующий селектор
[2025-06-18 20:32:47][Информация]: Парсинг закончен
[2025-06-18 20:33:17][Информация]: Проверка подписок...
[2025-06-18 20:33:21][Информация]: Подписки в порядке
[2025-06-18 20:33:21][Информация]: Парсинг начат
[2025-06-18 20:33:32][Информация]: Парсинг закончен
[2025-06-18 20:34:02][Информация]: Проверка подписок...
[2025-06-18 20:34:06][Информация]: Подписки в порядке
[2025-06-18 20:34:06][Информация]: Парсинг начат
[2025-06-18 20:34:16][Информация]: Парсинг закончен
[2025-06-18 20:34:46][Информация]: Проверка подписок...
[2025-06-18 20:34:50][Информация]: Подписки в порядке
[2025-06-18 20:34:50][Информация]: Парсинг начат
[2025-06-18 20:35:01][Информация]: Парсинг закончен
[2025-06-18 20:35:31][Информация]: Проверка подписок...
[2025-06-18 20:35:35][Информация]: Подписки в порядке
[2025-06-18 20:35:35][Информация]: Парсинг начат
[2025-06-18 20:35:45][Информация]: Парсинг закончен
[2025-06-18 20:36:15][Информация]: Проверка подписок...
[2025-06-18 20:36:18][Информация]: Подписки в порядке
[2025-06-18 20:36:18][Информация]: Парсинг начат
[2025-06-18 20:36:27][Предупреждение]: /allbestbets/ Попытка найти несуществующий селектор
[2025-06-18 20:36:29][Предупреждение]: /allbestbets/ Попытка найти несуществующий селектор
[2025-06-18 20:36:33][Информация]: Парсинг закончен
[2025-06-18 20:37:03][Информация]: Проверка подписок...
[2025-06-18 20:37:07][Информация]: Подписки в порядке
[2025-06-18 20:37:07][Информация]: Парсинг начат
[2025-06-18 20:37:20][Информация]: Парсинг закончен
[2025-06-18 20:37:50][Информация]: Проверка подписок...
[2025-06-18 20:37:54][Информация]: Подписки в порядке
[2025-06-18 20:37:54][Информация]: Парсинг начат
[2025-06-18 20:38:03][Предупреждение]: /allbestbets/ Попытка найти несуществующий селектор
[2025-06-18 20:38:03][Информация]: Парсинг закончен
[2025-06-18 20:38:33][Информация]: Проверка подписок...
[2025-06-18 20:38:37][Информация]: Подписки в порядке
[2025-06-18 20:38:37][Информация]: Парсинг начат
[2025-06-18 20:38:45][Предупреждение]: /allbestbets/ Попытка найти несуществующий селектор
[2025-06-18 20:38:46][Информация]: Парсинг закончен
[2025-06-18 20:39:16][Информация]: Проверка подписок...
[2025-06-18 20:39:19][Информация]: Подписки в порядке
[2025-06-18 20:39:19][Информация]: Парсинг начат
[2025-06-18 20:39:26][Информация]: /allbestbets/ Список прогнозов пуст в данный момент
[2025-06-18 20:39:26][Информация]: Парсинг закончен
[2025-06-18 20:39:56][Информация]: Проверка подписок...
[2025-06-18 20:39:59][Информация]: Подписки в порядке
[2025-06-18 20:39:59][Информация]: Парсинг начат
[2025-06-18 20:40:06][Информация]: /allbestbets/ Список прогнозов пуст в данный момент
[2025-06-18 20:40:06][Информация]: Парсинг закончен
[2025-06-18 20:40:36][Информация]: Проверка подписок...
[2025-06-18 20:40:39][Информация]: Подписки в порядке
[2025-06-18 20:40:39][Информация]: Парсинг начат
[2025-06-18 20:40:46][Информация]: /allbestbets/ Список прогнозов пуст в данный момент
[2025-06-18 20:40:46][Информация]: Парсинг закончен
[2025-06-18 20:41:16][Информация]: Проверка подписок...
[2025-06-18 20:41:20][Информация]: Подписки в порядке
[2025-06-18 20:41:20][Информация]: Парсинг начат
[2025-06-18 20:41:26][Информация]: /allbestbets/ Список прогнозов пуст в данный момент
[2025-06-18 20:41:26][Информация]: Парсинг закончен
[2025-06-18 20:41:56][Информация]: Проверка подписок...
[2025-06-18 20:42:00][Информация]: Подписки в порядке
[2025-06-18 20:42:00][Информация]: Парсинг начат
[2025-06-18 20:42:06][Информация]: /allbestbets/ Список прогнозов пуст в данный момент
[2025-06-18 20:42:06][Информация]: Парсинг закончен
[2025-06-18 20:42:36][Информация]: Проверка подписок...
[2025-06-18 20:42:40][Информация]: Подписки в порядке
[2025-06-18 20:42:40][Информация]: Парсинг начат
[2025-06-18 20:42:46][Информация]: /allbestbets/ Список прогнозов пуст в данный момент
[2025-06-18 20:42:46][Информация]: Парсинг закончен
[2025-06-18 20:43:16][Информация]: Проверка подписок...
[2025-06-18 20:43:20][Информация]: Подписки в порядке
[2025-06-18 20:43:20][Информация]: Парсинг начат
[2025-06-18 20:43:29][Предупреждение]: /allbestbets/ Попытка найти несуществующий селектор
[2025-06-18 20:43:29][Информация]: Парсинг закончен
[2025-06-18 20:43:59][Информация]: Проверка подписок...
[2025-06-18 20:44:03][Информация]: Подписки в порядке
[2025-06-18 20:44:03][Информация]: Парсинг начат
[2025-06-18 20:44:12][Предупреждение]: /allbestbets/ Попытка найти несуществующий селектор
[2025-06-18 20:44:12][Информация]: Парсинг закончен
[2025-06-18 20:44:42][Информация]: Проверка подписок...
[2025-06-18 20:44:45][Информация]: Подписки в порядке
[2025-06-18 20:44:45][Информация]: Парсинг начат
[2025-06-18 20:44:52][Информация]: /allbestbets/ Список прогнозов пуст в данный момент
[2025-06-18 20:44:52][Информация]: Парсинг закончен
[2025-06-18 20:45:22][Информация]: Проверка подписок...
[2025-06-18 20:45:26][Информация]: Подписки в порядке
[2025-06-18 20:45:26][Информация]: Парсинг начат
[2025-06-18 20:45:32][Информация]: /allbestbets/ Список прогнозов пуст в данный момент
[2025-06-18 20:45:32][Информация]: Парсинг закончен
[2025-06-18 20:46:02][Информация]: Проверка подписок...
[2025-06-18 20:46:06][Информация]: Подписки в порядке
[2025-06-18 20:46:06][Информация]: Парсинг начат
[2025-06-18 20:46:12][Информация]: /allbestbets/ Список прогнозов пуст в данный момент
[2025-06-18 20:46:12][Информация]: Парсинг закончен
[2025-06-18 20:46:42][Информация]: Проверка подписок...
[2025-06-18 20:46:46][Информация]: Подписки в порядке
[2025-06-18 20:46:46][Информация]: Парсинг начат
[2025-06-18 20:46:52][Информация]: /allbestbets/ Список прогнозов пуст в данный момент
[2025-06-18 20:46:52][Информация]: Парсинг закончен
[2025-06-18 20:47:22][Информация]: Проверка подписок...
[2025-06-18 20:47:26][Информация]: Подписки в порядке
[2025-06-18 20:47:26][Информация]: Парсинг начат
[2025-06-18 20:47:32][Информация]: /allbestbets/ Список прогнозов пуст в данный момент
[2025-06-18 20:47:32][Информация]: Парсинг закончен
[2025-06-18 20:48:02][Информация]: Проверка подписок...
[2025-06-18 20:48:06][Информация]: Подписки в порядке
[2025-06-18 20:48:06][Информация]: Парсинг начат
[2025-06-18 20:48:12][Информация]: /allbestbets/ Список прогнозов пуст в данный момент
[2025-06-18 20:48:12][Информация]: Парсинг закончен
[2025-06-18 20:48:42][Информация]: Проверка подписок...
[2025-06-18 20:48:46][Информация]: Подписки в порядке
[2025-06-18 20:48:46][Информация]: Парсинг начат
[2025-06-18 20:48:56][Информация]: Парсинг закончен
[2025-06-18 20:49:26][Информация]: Проверка подписок...
[2025-06-18 20:49:30][Информация]: Подписки в порядке
[2025-06-18 20:49:30][Информация]: Парсинг начат
[2025-06-18 20:49:40][Информация]: Парсинг закончен
[2025-06-18 20:50:10][Информация]: Проверка подписок...
[2025-06-18 20:50:14][Информация]: Подписки в порядке
[2025-06-18 20:50:14][Информация]: Парсинг начат
[2025-06-18 20:50:27][Информация]: Парсинг закончен
[2025-06-18 20:50:57][Информация]: Проверка подписок...
[2025-06-18 20:51:01][Информация]: Подписки в порядке
[2025-06-18 20:51:01][Информация]: Парсинг начат
[2025-06-18 20:51:12][Информация]: Парсинг закончен
[2025-06-18 20:51:42][Информация]: Проверка подписок...
[2025-06-18 20:51:46][Информация]: Подписки в порядке
[2025-06-18 20:51:46][Информация]: Парсинг начат
[2025-06-18 20:51:56][Информация]: Парсинг закончен
[2025-06-18 20:52:26][Информация]: Проверка подписок...
[2025-06-18 20:52:30][Информация]: Подписки в порядке
[2025-06-18 20:52:30][Информация]: Парсинг начат
[2025-06-18 20:52:40][Информация]: Парсинг закончен
[2025-06-18 20:53:10][Информация]: Проверка подписок...
[2025-06-18 20:53:14][Информация]: Подписки в порядке
[2025-06-18 20:53:14][Информация]: Парсинг начат
[2025-06-18 20:53:23][Ошибка]: ElementHandle.click: Element is not attached to the DOM
Call log:
  - attempting click action
    - waiting for element to be visible, enabled and stable

[2025-06-18 20:53:23][Информация]: Парсинг закончен
[2025-06-18 20:53:53][Информация]: Проверка подписок...
[2025-06-18 20:53:57][Информация]: Подписки в порядке
[2025-06-18 20:53:57][Информация]: Парсинг начат
[2025-06-18 20:54:07][Информация]: Парсинг закончен
[2025-06-18 20:54:37][Информация]: Проверка подписок...
[2025-06-18 20:54:40][Информация]: Подписки в порядке
[2025-06-18 20:54:40][Информация]: Парсинг начат
[2025-06-18 20:54:47][Информация]: Парсинг закончен
[2025-06-18 20:55:17][Информация]: Проверка подписок...
[2025-06-18 20:55:21][Информация]: Подписки в порядке
[2025-06-18 20:55:21][Информация]: Парсинг начат
[2025-06-18 20:55:27][Информация]: /allbestbets/ Список прогнозов пуст в данный момент
[2025-06-18 20:55:27][Информация]: Парсинг закончен
[2025-06-18 20:55:57][Информация]: Проверка подписок...
[2025-06-18 20:56:01][Информация]: Подписки в порядке
[2025-06-18 20:56:01][Информация]: Парсинг начат
[2025-06-18 20:56:07][Информация]: /allbestbets/ Список прогнозов пуст в данный момент
[2025-06-18 20:56:07][Информация]: Парсинг закончен
[2025-06-18 20:56:37][Информация]: Проверка подписок...
[2025-06-18 20:56:41][Информация]: Подписки в порядке
[2025-06-18 20:56:41][Информация]: Парсинг начат
[2025-06-18 20:56:51][Информация]: Парсинг закончен
[2025-06-18 20:57:21][Информация]: Проверка подписок...
[2025-06-18 20:57:25][Информация]: Подписки в порядке
[2025-06-18 20:57:25][Информация]: Парсинг начат
[2025-06-18 20:57:34][Предупреждение]: /allbestbets/ Попытка найти несуществующий селектор
[2025-06-18 20:57:34][Информация]: Парсинг закончен
[2025-06-18 20:58:04][Информация]: Проверка подписок...
[2025-06-18 20:58:08][Информация]: Подписки в порядке
[2025-06-18 20:58:08][Информация]: Парсинг начат
[2025-06-18 20:58:14][Информация]: Парсинг закончен
[2025-06-18 20:58:44][Информация]: Проверка подписок...
[2025-06-18 20:58:48][Информация]: Подписки в порядке
[2025-06-18 20:58:48][Информация]: Парсинг начат
[2025-06-18 20:58:54][Информация]: Парсинг закончен
[2025-06-18 20:59:24][Информация]: Проверка подписок...
[2025-06-18 20:59:28][Информация]: Подписки в порядке
[2025-06-18 20:59:28][Информация]: Парсинг начат
[2025-06-18 20:59:35][Информация]: Парсинг закончен
[2025-06-18 21:00:05][Информация]: Проверка подписок...
[2025-06-18 21:00:09][Информация]: Подписки в порядке
[2025-06-18 21:00:09][Информация]: Парсинг начат
[2025-06-18 21:00:16][Информация]: /allbestbets/ Список прогнозов пуст в данный момент
[2025-06-18 21:00:16][Информация]: Парсинг закончен
[2025-06-18 21:00:46][Информация]: Проверка подписок...
[2025-06-18 21:00:50][Информация]: Подписки в порядке
[2025-06-18 21:00:50][Информация]: Парсинг начат
[2025-06-18 21:00:57][Информация]: /allbestbets/ Список прогнозов пуст в данный момент
[2025-06-18 21:00:57][Информация]: Парсинг закончен
[2025-06-18 21:01:27][Информация]: Проверка подписок...
[2025-06-18 21:01:31][Информация]: Подписки в порядке
[2025-06-18 21:01:31][Информация]: Парсинг начат
[2025-06-18 21:01:38][Информация]: /allbestbets/ Список прогнозов пуст в данный момент
[2025-06-18 21:01:38][Информация]: Парсинг закончен
[2025-06-18 21:02:08][Информация]: Проверка подписок...
[2025-06-18 21:02:12][Информация]: Подписки в порядке
[2025-06-18 21:02:12][Информация]: Парсинг начат
[2025-06-18 21:02:18][Информация]: /allbestbets/ Список прогнозов пуст в данный момент
[2025-06-18 21:02:19][Информация]: Парсинг закончен
[2025-06-18 21:02:49][Информация]: Проверка подписок...
[2025-06-18 21:02:53][Информация]: Подписки в порядке
[2025-06-18 21:02:53][Информация]: Парсинг начат
[2025-06-18 21:03:03][Информация]: Парсинг закончен
[2025-06-18 21:03:33][Информация]: Проверка подписок...
[2025-06-18 21:03:37][Информация]: Подписки в порядке
[2025-06-18 21:03:37][Информация]: Парсинг начат
[2025-06-18 21:03:47][Информация]: Парсинг закончен
[2025-06-18 21:04:17][Информация]: Проверка подписок...
[2025-06-18 21:04:21][Информация]: Подписки в порядке
[2025-06-18 21:04:21][Информация]: Парсинг начат
[2025-06-18 21:04:27][Информация]: Парсинг закончен
[2025-06-18 21:04:57][Информация]: Проверка подписок...
[2025-06-18 21:05:01][Информация]: Подписки в порядке
[2025-06-18 21:05:01][Информация]: Парсинг начат
[2025-06-18 21:05:08][Информация]: Парсинг закончен
[2025-06-18 21:05:38][Информация]: Проверка подписок...
[2025-06-18 21:05:42][Информация]: Подписки в порядке
[2025-06-18 21:05:42][Информация]: Парсинг начат
[2025-06-18 21:05:48][Информация]: Парсинг закончен
[2025-06-18 21:06:18][Информация]: Проверка подписок...
[2025-06-18 21:06:22][Информация]: Подписки в порядке
[2025-06-18 21:06:22][Информация]: Парсинг начат
[2025-06-18 21:06:29][Информация]: Парсинг закончен
[2025-06-18 21:06:59][Информация]: Проверка подписок...
[2025-06-18 21:07:02][Информация]: Подписки в порядке
[2025-06-18 21:07:02][Информация]: Парсинг начат
[2025-06-18 21:07:09][Информация]: Парсинг закончен
[2025-06-18 21:07:39][Информация]: Проверка подписок...
[2025-06-18 21:07:43][Информация]: Подписки в порядке
[2025-06-18 21:07:43][Информация]: Парсинг начат
[2025-06-18 21:07:49][Информация]: /allbestbets/ Список прогнозов пуст в данный момент
[2025-06-18 21:07:49][Информация]: Парсинг закончен
[2025-06-18 21:08:19][Информация]: Проверка подписок...
[2025-06-18 21:08:23][Информация]: Подписки в порядке
[2025-06-18 21:08:23][Информация]: Парсинг начат
[2025-06-18 21:08:29][Информация]: /allbestbets/ Список прогнозов пуст в данный момент
[2025-06-18 21:08:29][Информация]: Парсинг закончен
[2025-06-18 21:08:59][Информация]: Проверка подписок...
[2025-06-18 21:09:03][Информация]: Подписки в порядке
[2025-06-18 21:09:03][Информация]: Парсинг начат
[2025-06-18 21:09:10][Информация]: /allbestbets/ Список прогнозов пуст в данный момент
[2025-06-18 21:09:10][Информация]: Парсинг закончен
[2025-06-18 21:09:40][Информация]: Проверка подписок...
[2025-06-18 21:09:44][Информация]: Подписки в порядке
[2025-06-18 21:09:44][Информация]: Парсинг начат
[2025-06-18 21:09:56][Предупреждение]: /allbestbets/ Попытка найти несуществующий селектор
[2025-06-18 21:09:56][Информация]: Парсинг закончен
[2025-06-18 21:10:26][Информация]: Проверка подписок...
[2025-06-18 21:10:30][Информация]: Подписки в порядке
[2025-06-18 21:10:30][Информация]: Парсинг начат
[2025-06-18 21:10:42][Предупреждение]: /allbestbets/ Попытка найти несуществующий селектор
[2025-06-18 21:10:42][Информация]: Парсинг закончен
[2025-06-18 21:11:12][Информация]: Проверка подписок...
[2025-06-18 21:11:16][Информация]: Подписки в порядке
[2025-06-18 21:11:16][Информация]: Парсинг начат
[2025-06-18 21:11:25][Предупреждение]: /allbestbets/ Попытка найти несуществующий селектор
[2025-06-18 21:11:27][Предупреждение]: /allbestbets/ Попытка найти несуществующий селектор
[2025-06-18 21:11:27][Информация]: Парсинг закончен
[2025-06-18 21:11:57][Информация]: Проверка подписок...
[2025-06-18 21:12:01][Информация]: Подписки в порядке
[2025-06-18 21:12:01][Информация]: Парсинг начат
[2025-06-18 21:12:10][Предупреждение]: /allbestbets/ Попытка найти несуществующий селектор
[2025-06-18 21:12:12][Предупреждение]: /allbestbets/ Попытка найти несуществующий селектор
[2025-06-18 21:12:12][Информация]: Парсинг закончен
[2025-06-18 21:12:42][Информация]: Проверка подписок...
[2025-06-18 21:12:46][Информация]: Подписки в порядке
[2025-06-18 21:12:46][Информация]: Парсинг начат
[2025-06-18 21:12:54][Предупреждение]: /allbestbets/ Попытка найти несуществующий селектор
[2025-06-18 21:12:56][Предупреждение]: /allbestbets/ Попытка найти несуществующий селектор
[2025-06-18 21:12:56][Информация]: Парсинг закончен
[2025-06-18 21:13:26][Информация]: Проверка подписок...
[2025-06-18 21:13:30][Информация]: Подписки в порядке
[2025-06-18 21:13:30][Информация]: Парсинг начат
[2025-06-18 21:13:40][Информация]: Парсинг закончен
[2025-06-18 21:14:10][Информация]: Проверка подписок...
[2025-06-18 21:14:14][Информация]: Подписки в порядке
[2025-06-18 21:14:14][Информация]: Парсинг начат
[2025-06-18 21:14:23][Предупреждение]: /allbestbets/ Попытка найти несуществующий селектор
[2025-06-18 21:14:23][Информация]: Парсинг закончен
[2025-06-18 21:14:53][Информация]: Проверка подписок...
[2025-06-18 21:14:57][Информация]: Подписки в порядке
[2025-06-18 21:14:57][Информация]: Парсинг начат
[2025-06-18 21:15:03][Информация]: /allbestbets/ Список прогнозов пуст в данный момент
[2025-06-18 21:15:03][Информация]: Парсинг закончен
[2025-06-18 21:15:33][Информация]: Проверка подписок...
[2025-06-18 21:15:37][Информация]: Подписки в порядке
[2025-06-18 21:15:37][Информация]: Парсинг начат
[2025-06-18 21:15:43][Информация]: /allbestbets/ Список прогнозов пуст в данный момент
[2025-06-18 21:15:44][Информация]: Парсинг закончен
[2025-06-18 21:16:14][Информация]: Проверка подписок...
[2025-06-18 21:16:18][Информация]: Подписки в порядке
[2025-06-18 21:16:18][Информация]: Парсинг начат
[2025-06-18 21:16:24][Информация]: Парсинг закончен
[2025-06-18 21:16:54][Информация]: Проверка подписок...
[2025-06-18 21:16:58][Информация]: Подписки в порядке
[2025-06-18 21:16:58][Информация]: Парсинг начат
[2025-06-18 21:17:04][Информация]: Парсинг закончен
[2025-06-18 21:17:34][Информация]: Проверка подписок...
[2025-06-18 21:17:38][Информация]: Подписки в порядке
[2025-06-18 21:17:38][Информация]: Парсинг начат
[2025-06-18 21:17:44][Информация]: /allbestbets/ Список прогнозов пуст в данный момент
[2025-06-18 21:17:44][Информация]: Парсинг закончен
[2025-06-18 21:18:14][Информация]: Проверка подписок...
[2025-06-18 21:18:18][Информация]: Подписки в порядке
[2025-06-18 21:18:18][Информация]: Парсинг начат
[2025-06-18 21:18:27][Ошибка]: ElementHandle.scroll_into_view_if_needed: Element is not attached to the DOM
Call log:
  - attempting scroll into view action
    - waiting for element to be stable

[2025-06-18 21:18:27][Информация]: Парсинг закончен
[2025-06-18 21:18:57][Информация]: Проверка подписок...
[2025-06-18 21:19:01][Информация]: Подписки в порядке
[2025-06-18 21:19:01][Информация]: Парсинг начат
[2025-06-18 21:19:15][Информация]: Парсинг закончен
[2025-06-18 21:19:45][Информация]: Проверка подписок...
[2025-06-18 21:19:48][Информация]: Подписки в порядке
[2025-06-18 21:19:48][Информация]: Парсинг начат
[2025-06-18 21:19:57][Предупреждение]: /allbestbets/ Попытка найти несуществующий селектор
[2025-06-18 21:20:00][Информация]: Парсинг закончен
[2025-06-18 21:20:30][Информация]: Проверка подписок...
[2025-06-18 21:20:35][Информация]: Подписки в порядке
[2025-06-18 21:20:35][Информация]: Парсинг начат
[2025-06-18 21:20:41][Информация]: Парсинг закончен
[2025-06-18 21:21:11][Информация]: Проверка подписок...
[2025-06-18 21:21:15][Информация]: Подписки в порядке
[2025-06-18 21:21:15][Информация]: Парсинг начат
[2025-06-18 21:21:22][Информация]: Парсинг закончен
[2025-06-18 21:21:52][Информация]: Проверка подписок...
[2025-06-18 21:21:55][Информация]: Подписки в порядке
[2025-06-18 21:21:55][Информация]: Парсинг начат
[2025-06-18 21:22:02][Информация]: /allbestbets/ Список прогнозов пуст в данный момент
[2025-06-18 21:22:02][Информация]: Парсинг закончен
[2025-06-18 21:22:32][Информация]: Проверка подписок...
[2025-06-18 21:22:36][Информация]: Подписки в порядке
[2025-06-18 21:22:36][Информация]: Парсинг начат
[2025-06-18 21:22:42][Информация]: /allbestbets/ Список прогнозов пуст в данный момент
[2025-06-18 21:22:42][Информация]: Парсинг закончен
[2025-06-18 21:23:12][Информация]: Проверка подписок...
[2025-06-18 21:23:16][Информация]: Подписки в порядке
[2025-06-18 21:23:16][Информация]: Парсинг начат
[2025-06-18 21:23:22][Информация]: /allbestbets/ Список прогнозов пуст в данный момент
[2025-06-18 21:23:22][Информация]: Парсинг закончен
[2025-06-18 21:23:52][Информация]: Проверка подписок...
[2025-06-18 21:23:56][Информация]: Подписки в порядке
[2025-06-18 21:23:56][Информация]: Парсинг начат
[2025-06-18 21:24:03][Информация]: /allbestbets/ Список прогнозов пуст в данный момент
[2025-06-18 21:24:03][Информация]: Парсинг закончен
[2025-06-18 21:24:33][Информация]: Проверка подписок...
[2025-06-18 21:24:37][Информация]: Подписки в порядке
[2025-06-18 21:24:37][Информация]: Парсинг начат
[2025-06-18 21:24:43][Информация]: /allbestbets/ Список прогнозов пуст в данный момент
[2025-06-18 21:24:43][Информация]: Парсинг закончен
[2025-06-18 21:25:13][Информация]: Проверка подписок...
[2025-06-18 21:25:17][Информация]: Подписки в порядке
[2025-06-18 21:25:17][Информация]: Парсинг начат
[2025-06-18 21:25:23][Информация]: /allbestbets/ Список прогнозов пуст в данный момент
[2025-06-18 21:25:23][Информация]: Парсинг закончен
[2025-06-18 21:25:53][Информация]: Проверка подписок...
[2025-06-18 21:25:57][Информация]: Подписки в порядке
[2025-06-18 21:25:57][Информация]: Парсинг начат
[2025-06-18 21:26:03][Информация]: /allbestbets/ Список прогнозов пуст в данный момент
[2025-06-18 21:26:03][Информация]: Парсинг закончен
[2025-06-18 21:26:33][Информация]: Проверка подписок...
[2025-06-18 21:26:37][Информация]: Подписки в порядке
[2025-06-18 21:26:37][Информация]: Парсинг начат
[2025-06-18 21:26:46][Предупреждение]: /allbestbets/ Попытка найти несуществующий селектор
[2025-06-18 21:26:46][Информация]: Парсинг закончен
[2025-06-18 21:27:16][Информация]: Проверка подписок...
[2025-06-18 21:27:20][Информация]: Подписки в порядке
[2025-06-18 21:27:20][Информация]: Парсинг начат
[2025-06-18 21:27:29][Предупреждение]: /allbestbets/ Попытка найти несуществующий селектор
[2025-06-18 21:27:29][Информация]: Парсинг закончен
[2025-06-18 21:27:59][Информация]: Проверка подписок...
[2025-06-18 21:28:03][Информация]: Подписки в порядке
[2025-06-18 21:28:03][Информация]: Парсинг начат
[2025-06-18 21:28:15][Предупреждение]: /allbestbets/ Попытка найти несуществующий селектор
[2025-06-18 21:28:15][Информация]: Парсинг закончен
[2025-06-18 21:28:45][Информация]: Проверка подписок...
[2025-06-18 21:28:49][Информация]: Подписки в порядке
[2025-06-18 21:28:49][Информация]: Парсинг начат
[2025-06-18 21:28:58][Предупреждение]: /allbestbets/ Попытка найти несуществующий селектор
[2025-06-18 21:28:58][Информация]: Парсинг закончен
[2025-06-18 21:29:28][Информация]: Проверка подписок...
[2025-06-18 21:29:31][Информация]: Подписки в порядке
[2025-06-18 21:29:31][Информация]: Парсинг начат
[2025-06-18 21:29:40][Предупреждение]: /allbestbets/ Попытка найти несуществующий селектор
[2025-06-18 21:29:40][Информация]: Парсинг закончен
[2025-06-18 21:30:10][Информация]: Проверка подписок...
[2025-06-18 21:30:14][Информация]: Подписки в порядке
[2025-06-18 21:30:14][Информация]: Парсинг начат
[2025-06-18 21:30:24][Информация]: Парсинг закончен
[2025-06-18 21:30:54][Информация]: Проверка подписок...
[2025-06-18 21:30:58][Информация]: Подписки в порядке
[2025-06-18 21:30:58][Информация]: Парсинг начат
[2025-06-18 21:31:08][Информация]: Парсинг закончен
[2025-06-18 21:31:38][Информация]: Проверка подписок...
[2025-06-18 21:31:42][Информация]: Подписки в порядке
[2025-06-18 21:31:42][Информация]: Парсинг начат
[2025-06-18 21:31:55][Информация]: Парсинг закончен
[2025-06-18 21:32:25][Информация]: Проверка подписок...
[2025-06-18 21:32:29][Информация]: Подписки в порядке
[2025-06-18 21:32:29][Информация]: Парсинг начат
[2025-06-18 21:32:36][Информация]: /allbestbets/ Список прогнозов пуст в данный момент
[2025-06-18 21:32:36][Информация]: Парсинг закончен
[2025-06-18 21:33:06][Информация]: Проверка подписок...
[2025-06-18 21:33:10][Информация]: Подписки в порядке
[2025-06-18 21:33:10][Информация]: Парсинг начат
[2025-06-18 21:33:16][Информация]: /allbestbets/ Список прогнозов пуст в данный момент
[2025-06-18 21:33:16][Информация]: Парсинг закончен
[2025-06-18 21:33:46][Информация]: Проверка подписок...
[2025-06-18 21:33:50][Информация]: Подписки в порядке
[2025-06-18 21:33:50][Информация]: Парсинг начат
[2025-06-18 21:34:00][Информация]: Парсинг закончен
[2025-06-18 21:34:30][Информация]: Проверка подписок...
[2025-06-18 21:34:34][Информация]: Подписки в порядке
[2025-06-18 21:34:34][Информация]: Парсинг начат
[2025-06-18 21:34:40][Информация]: /allbestbets/ Список прогнозов пуст в данный момент
[2025-06-18 21:34:40][Информация]: Парсинг закончен
[2025-06-18 21:35:10][Информация]: Проверка подписок...
[2025-06-18 21:35:15][Информация]: Подписки в порядке
[2025-06-18 21:35:15][Информация]: Парсинг начат
[2025-06-18 21:35:21][Информация]: Парсинг закончен
[2025-06-18 21:35:51][Информация]: Проверка подписок...
[2025-06-18 21:35:55][Информация]: Подписки в порядке
[2025-06-18 21:35:55][Информация]: Парсинг начат
[2025-06-18 21:36:05][Информация]: Парсинг закончен
[2025-06-18 21:36:35][Информация]: Проверка подписок...
[2025-06-18 21:36:39][Информация]: Подписки в порядке
[2025-06-18 21:36:39][Информация]: Парсинг начат
[2025-06-18 21:36:46][Информация]: Парсинг закончен
[2025-06-18 21:37:16][Информация]: Проверка подписок...
[2025-06-18 21:37:20][Информация]: Подписки в порядке
[2025-06-18 21:37:20][Информация]: Парсинг начат
[2025-06-18 21:37:26][Информация]: Парсинг закончен
[2025-06-18 21:37:56][Информация]: Проверка подписок...
[2025-06-18 21:38:00][Информация]: Подписки в порядке
[2025-06-18 21:38:00][Информация]: Парсинг начат
[2025-06-18 21:38:06][Информация]: Парсинг закончен
[2025-06-18 21:38:36][Информация]: Проверка подписок...
[2025-06-18 21:38:40][Информация]: Подписки в порядке
[2025-06-18 21:38:40][Информация]: Парсинг начат
[2025-06-18 21:38:46][Информация]: Парсинг закончен
[2025-06-18 21:39:16][Информация]: Проверка подписок...
[2025-06-18 21:39:20][Информация]: Подписки в порядке
[2025-06-18 21:39:20][Информация]: Парсинг начат
[2025-06-18 21:39:32][Предупреждение]: /allbestbets/ Попытка найти несуществующий селектор
[2025-06-18 21:39:33][Информация]: Парсинг закончен
[2025-06-18 21:40:03][Информация]: Проверка подписок...
[2025-06-18 21:40:07][Информация]: Подписки в порядке
[2025-06-18 21:40:07][Информация]: Парсинг начат
[2025-06-18 21:40:19][Предупреждение]: /allbestbets/ Попытка найти несуществующий селектор
[2025-06-18 21:40:19][Информация]: Парсинг закончен
[2025-06-18 21:40:49][Информация]: Проверка подписок...
[2025-06-18 21:40:53][Информация]: Подписки в порядке
[2025-06-18 21:40:53][Информация]: Парсинг начат
[2025-06-18 21:41:05][Предупреждение]: /allbestbets/ Попытка найти несуществующий селектор
[2025-06-18 21:41:05][Информация]: Парсинг закончен
[2025-06-18 21:41:35][Информация]: Проверка подписок...
[2025-06-18 21:41:38][Информация]: Подписки в порядке
[2025-06-18 21:41:38][Информация]: Парсинг начат
[2025-06-18 21:41:50][Предупреждение]: /allbestbets/ Попытка найти несуществующий селектор
[2025-06-18 21:41:50][Информация]: Парсинг закончен
[2025-06-18 21:42:20][Информация]: Проверка подписок...
[2025-06-18 21:42:25][Информация]: Подписки в порядке
[2025-06-18 21:42:25][Информация]: Парсинг начат
[2025-06-18 21:42:36][Предупреждение]: /allbestbets/ Попытка найти несуществующий селектор
[2025-06-18 21:42:38][Предупреждение]: /allbestbets/ Попытка найти несуществующий селектор
[2025-06-18 21:42:39][Информация]: Парсинг закончен
[2025-06-18 21:43:09][Информация]: Проверка подписок...
[2025-06-18 21:43:12][Информация]: Подписки в порядке
[2025-06-18 21:43:12][Информация]: Парсинг начат
[2025-06-18 21:43:27][Предупреждение]: /allbestbets/ Попытка найти несуществующий селектор
[2025-06-18 21:43:28][Информация]: Парсинг закончен
[2025-06-18 21:43:58][Информация]: Проверка подписок...
[2025-06-18 21:44:01][Информация]: Подписки в порядке
[2025-06-18 21:44:01][Информация]: Парсинг начат
[2025-06-18 21:44:12][Информация]: Парсинг закончен
[2025-06-18 21:44:42][Информация]: Проверка подписок...
[2025-06-18 21:44:45][Информация]: Подписки в порядке
[2025-06-18 21:44:45][Информация]: Парсинг начат
[2025-06-18 21:44:52][Информация]: /allbestbets/ Список прогнозов пуст в данный момент
[2025-06-18 21:44:52][Информация]: Парсинг закончен
[2025-06-18 21:45:22][Информация]: Проверка подписок...
[2025-06-18 21:45:26][Информация]: Подписки в порядке
[2025-06-18 21:45:26][Информация]: Парсинг начат
[2025-06-18 21:45:32][Информация]: /allbestbets/ Список прогнозов пуст в данный момент
[2025-06-18 21:45:32][Информация]: Парсинг закончен
[2025-06-18 21:46:02][Информация]: Проверка подписок...
[2025-06-18 21:46:06][Информация]: Подписки в порядке
[2025-06-18 21:46:06][Информация]: Парсинг начат
[2025-06-18 21:46:18][Предупреждение]: /allbestbets/ Попытка найти несуществующий селектор
[2025-06-18 21:46:18][Информация]: Парсинг закончен
[2025-06-18 21:46:48][Информация]: Проверка подписок...
[2025-06-18 21:46:52][Информация]: Подписки в порядке
[2025-06-18 21:46:52][Информация]: Парсинг начат
[2025-06-18 21:47:24][Информация]: Парсинг закончен
[2025-06-18 21:47:54][Информация]: Проверка подписок...
[2025-06-18 21:47:58][Информация]: Подписки в порядке
[2025-06-18 21:47:58][Информация]: Парсинг начат
[2025-06-18 21:48:09][Предупреждение]: /allbestbets/ Попытка найти несуществующий селектор
[2025-06-18 21:48:12][Информация]: Парсинг закончен
[2025-06-18 21:48:42][Информация]: Проверка подписок...
[2025-06-18 21:48:46][Информация]: Подписки в порядке
[2025-06-18 21:48:46][Информация]: Парсинг начат
[2025-06-18 21:48:58][Предупреждение]: /allbestbets/ Попытка найти несуществующий селектор
[2025-06-18 21:49:01][Информация]: Парсинг закончен
[2025-06-18 21:49:31][Информация]: Проверка подписок...
[2025-06-18 21:49:35][Информация]: Подписки в порядке
[2025-06-18 21:49:35][Информация]: Парсинг начат
[2025-06-18 21:49:47][Предупреждение]: /allbestbets/ Попытка найти несуществующий селектор
[2025-06-18 21:49:47][Информация]: Парсинг закончен
[2025-06-18 21:50:17][Информация]: Проверка подписок...
[2025-06-18 21:50:21][Информация]: Подписки в порядке
[2025-06-18 21:50:21][Информация]: Парсинг начат
[2025-06-18 21:50:33][Предупреждение]: /allbestbets/ Попытка найти несуществующий селектор
[2025-06-18 21:50:33][Информация]: Парсинг закончен
[2025-06-18 21:51:03][Информация]: Проверка подписок...
[2025-06-18 21:51:07][Информация]: Подписки в порядке
[2025-06-18 21:51:07][Информация]: Парсинг начат
[2025-06-18 21:51:14][Информация]: Парсинг закончен
[2025-06-18 21:51:44][Информация]: Проверка подписок...
[2025-06-18 21:51:47][Информация]: Подписки в порядке
[2025-06-18 21:51:47][Информация]: Парсинг начат
[2025-06-18 21:51:54][Информация]: Парсинг закончен
[2025-06-18 21:52:24][Информация]: Проверка подписок...
[2025-06-18 21:52:28][Информация]: Подписки в порядке
[2025-06-18 21:52:28][Информация]: Парсинг начат
[2025-06-18 21:52:34][Информация]: Парсинг закончен
[2025-06-18 21:53:04][Информация]: Проверка подписок...
[2025-06-18 21:53:08][Информация]: Подписки в порядке
[2025-06-18 21:53:08][Информация]: Парсинг начат
[2025-06-18 21:53:17][Ошибка]: ElementHandle.scroll_into_view_if_needed: Element is not attached to the DOM
Call log:
  - attempting scroll into view action
    - waiting for element to be stable

[2025-06-18 21:53:17][Информация]: Парсинг закончен
[2025-06-18 21:53:47][Информация]: Проверка подписок...
[2025-06-18 21:53:51][Информация]: Подписки в порядке
[2025-06-18 21:53:51][Информация]: Парсинг начат
[2025-06-18 21:53:57][Информация]: /allbestbets/ Список прогнозов пуст в данный момент
[2025-06-18 21:53:57][Информация]: Парсинг закончен
[2025-06-18 21:54:27][Информация]: Проверка подписок...
[2025-06-18 21:54:31][Информация]: Подписки в порядке
[2025-06-18 21:54:31][Информация]: Парсинг начат
[2025-06-18 21:54:37][Информация]: /allbestbets/ Список прогнозов пуст в данный момент
[2025-06-18 21:54:38][Информация]: Парсинг закончен
[2025-06-18 21:55:08][Информация]: Проверка подписок...
[2025-06-18 21:55:11][Информация]: Подписки в порядке
[2025-06-18 21:55:11][Информация]: Парсинг начат
[2025-06-18 21:55:18][Информация]: /allbestbets/ Список прогнозов пуст в данный момент
[2025-06-18 21:55:18][Информация]: Парсинг закончен
[2025-06-18 21:55:48][Информация]: Проверка подписок...
[2025-06-18 21:55:52][Информация]: Подписки в порядке
[2025-06-18 21:55:52][Информация]: Парсинг начат
[2025-06-18 21:55:58][Информация]: /allbestbets/ Список прогнозов пуст в данный момент
[2025-06-18 21:55:58][Информация]: Парсинг закончен
[2025-06-18 21:56:28][Информация]: Проверка подписок...
[2025-06-18 21:56:32][Информация]: Подписки в порядке
[2025-06-18 21:56:32][Информация]: Парсинг начат
[2025-06-18 21:56:38][Информация]: /allbestbets/ Список прогнозов пуст в данный момент
[2025-06-18 21:56:38][Информация]: Парсинг закончен
[2025-06-18 21:57:08][Информация]: Проверка подписок...
[2025-06-18 21:57:12][Информация]: Подписки в порядке
[2025-06-18 21:57:12][Информация]: Парсинг начат
[2025-06-18 21:57:18][Информация]: /allbestbets/ Список прогнозов пуст в данный момент
[2025-06-18 21:57:18][Информация]: Парсинг закончен
[2025-06-18 21:57:48][Информация]: Проверка подписок...
[2025-06-18 21:57:52][Информация]: Подписки в порядке
[2025-06-18 21:57:52][Информация]: Парсинг начат
[2025-06-18 21:57:58][Информация]: /allbestbets/ Список прогнозов пуст в данный момент
[2025-06-18 21:57:58][Информация]: Парсинг закончен
[2025-06-18 21:58:28][Информация]: Проверка подписок...
[2025-06-18 21:58:32][Информация]: Подписки в порядке
[2025-06-18 21:58:32][Информация]: Парсинг начат
[2025-06-18 21:58:38][Ошибка]: /allbestbets/ Длительное время ожидания, проблемы с подключением.
[2025-06-18 21:58:39][Информация]: Парсинг закончен
[2025-06-18 21:59:09][Информация]: Проверка подписок...
[2025-06-18 21:59:12][Информация]: Подписки в порядке
[2025-06-18 21:59:12][Информация]: Парсинг начат
[2025-06-18 21:59:18][Информация]: /allbestbets/ Список прогнозов пуст в данный момент
[2025-06-18 21:59:18][Информация]: Парсинг закончен
[2025-06-18 21:59:48][Информация]: Проверка подписок...
[2025-06-18 21:59:52][Информация]: Подписки в порядке
[2025-06-18 21:59:52][Информация]: Парсинг начат
[2025-06-18 21:59:58][Информация]: /allbestbets/ Список прогнозов пуст в данный момент
[2025-06-18 21:59:58][Информация]: Парсинг закончен
[2025-06-18 22:00:28][Информация]: Проверка подписок...
[2025-06-18 22:00:32][Информация]: Подписки в порядке
[2025-06-18 22:00:32][Информация]: Парсинг начат
[2025-06-18 22:00:38][Информация]: /allbestbets/ Список прогнозов пуст в данный момент
[2025-06-18 22:00:38][Информация]: Парсинг закончен
[2025-06-18 22:01:08][Информация]: Проверка подписок...
[2025-06-18 22:01:13][Информация]: Подписки в порядке
[2025-06-18 22:01:13][Информация]: Парсинг начат
[2025-06-18 22:01:19][Информация]: /allbestbets/ Список прогнозов пуст в данный момент
[2025-06-18 22:01:19][Информация]: Парсинг закончен
[2025-06-18 22:01:49][Информация]: Проверка подписок...
[2025-06-18 22:01:53][Информация]: Подписки в порядке
[2025-06-18 22:01:53][Информация]: Парсинг начат
[2025-06-18 22:02:00][Информация]: /allbestbets/ Список прогнозов пуст в данный момент
[2025-06-18 22:02:00][Информация]: Парсинг закончен
[2025-06-18 22:02:30][Информация]: Проверка подписок...
[2025-06-18 22:02:33][Информация]: Подписки в порядке
[2025-06-18 22:02:33][Информация]: Парсинг начат
[2025-06-18 22:02:40][Информация]: /allbestbets/ Список прогнозов пуст в данный момент
[2025-06-18 22:02:40][Информация]: Парсинг закончен
[2025-06-18 22:03:10][Информация]: Проверка подписок...
[2025-06-18 22:03:14][Информация]: Подписки в порядке
[2025-06-18 22:03:14][Информация]: Парсинг начат
[2025-06-18 22:03:24][Информация]: Парсинг закончен
[2025-06-18 22:03:54][Информация]: Проверка подписок...
[2025-06-18 22:03:58][Информация]: Подписки в порядке
[2025-06-18 22:03:58][Информация]: Парсинг начат
[2025-06-18 22:04:04][Информация]: /allbestbets/ Список прогнозов пуст в данный момент
[2025-06-18 22:04:04][Информация]: Парсинг закончен
[2025-06-18 22:04:34][Информация]: Проверка подписок...
[2025-06-18 22:04:38][Информация]: Подписки в порядке
[2025-06-18 22:04:38][Информация]: Парсинг начат
[2025-06-18 22:04:44][Информация]: /allbestbets/ Список прогнозов пуст в данный момент
[2025-06-18 22:04:44][Информация]: Парсинг закончен
[2025-06-18 22:05:14][Информация]: Проверка подписок...
[2025-06-18 22:05:18][Информация]: Подписки в порядке
[2025-06-18 22:05:18][Информация]: Парсинг начат
[2025-06-18 22:05:24][Информация]: /allbestbets/ Список прогнозов пуст в данный момент
[2025-06-18 22:05:24][Информация]: Парсинг закончен
[2025-06-18 22:05:54][Информация]: Проверка подписок...
[2025-06-18 22:05:58][Информация]: Подписки в порядке
[2025-06-18 22:05:58][Информация]: Парсинг начат
[2025-06-18 22:06:05][Информация]: /allbestbets/ Список прогнозов пуст в данный момент
[2025-06-18 22:06:05][Информация]: Парсинг закончен
[2025-06-18 22:06:35][Информация]: Проверка подписок...
[2025-06-18 22:06:38][Информация]: Подписки в порядке
[2025-06-18 22:06:38][Информация]: Парсинг начат
[2025-06-18 22:06:45][Информация]: /allbestbets/ Список прогнозов пуст в данный момент
[2025-06-18 22:06:45][Информация]: Парсинг закончен
[2025-06-18 22:07:15][Информация]: Проверка подписок...
[2025-06-18 22:07:19][Информация]: Подписки в порядке
[2025-06-18 22:07:19][Информация]: Парсинг начат
[2025-06-18 22:07:25][Информация]: /allbestbets/ Список прогнозов пуст в данный момент
[2025-06-18 22:07:25][Информация]: Парсинг закончен
[2025-06-18 22:07:55][Информация]: Проверка подписок...
[2025-06-18 22:07:59][Информация]: Подписки в порядке
[2025-06-18 22:07:59][Информация]: Парсинг начат
[2025-06-18 22:08:07][Предупреждение]: /allbestbets/ Попытка найти несуществующий селектор
[2025-06-18 22:08:07][Информация]: Парсинг закончен
[2025-06-18 22:08:37][Информация]: Проверка подписок...
[2025-06-18 22:08:41][Информация]: Подписки в порядке
[2025-06-18 22:08:41][Информация]: Парсинг начат
[2025-06-18 22:08:51][Информация]: Парсинг закончен
[2025-06-18 22:09:21][Информация]: Проверка подписок...
[2025-06-18 22:09:25][Информация]: Подписки в порядке
[2025-06-18 22:09:25][Информация]: Парсинг начат
[2025-06-18 22:09:34][Предупреждение]: /allbestbets/ Попытка найти несуществующий селектор
[2025-06-18 22:09:36][Предупреждение]: /allbestbets/ Попытка найти несуществующий селектор
[2025-06-18 22:09:36][Информация]: Парсинг закончен
[2025-06-18 22:10:06][Информация]: Проверка подписок...
[2025-06-18 22:10:10][Информация]: Подписки в порядке
[2025-06-18 22:10:10][Информация]: Парсинг начат
[2025-06-18 22:10:20][Информация]: Парсинг закончен
[2025-06-18 22:10:50][Информация]: Проверка подписок...
[2025-06-18 22:10:54][Информация]: Подписки в порядке
[2025-06-18 22:10:54][Информация]: Парсинг начат
[2025-06-18 22:11:04][Информация]: Парсинг закончен
[2025-06-18 22:11:34][Информация]: Проверка подписок...
[2025-06-18 22:11:38][Информация]: Подписки в порядке
[2025-06-18 22:11:38][Информация]: Парсинг начат
[2025-06-18 22:11:46][Предупреждение]: /allbestbets/ Попытка найти несуществующий селектор
[2025-06-18 22:11:46][Информация]: Парсинг закончен
[2025-06-18 22:12:16][Информация]: Проверка подписок...
[2025-06-18 22:12:20][Информация]: Подписки в порядке
[2025-06-18 22:12:20][Информация]: Парсинг начат
[2025-06-18 22:12:34][Информация]: Парсинг закончен
[2025-06-18 22:13:04][Информация]: Проверка подписок...
[2025-06-18 22:13:07][Информация]: Подписки в порядке
[2025-06-18 22:13:07][Информация]: Парсинг начат
[2025-06-18 22:13:21][Информация]: Парсинг закончен
[2025-06-18 22:13:51][Информация]: Проверка подписок...
[2025-06-18 22:13:55][Информация]: Подписки в порядке
[2025-06-18 22:13:55][Информация]: Парсинг начат
[2025-06-18 22:14:03][Предупреждение]: /allbestbets/ Попытка найти несуществующий селектор
[2025-06-18 22:14:10][Информация]: Парсинг закончен
[2025-06-18 22:14:40][Информация]: Проверка подписок...
[2025-06-18 22:14:44][Информация]: Подписки в порядке
[2025-06-18 22:14:44][Информация]: Парсинг начат
[2025-06-18 22:14:52][Предупреждение]: /allbestbets/ Попытка найти несуществующий селектор
[2025-06-18 22:14:56][Информация]: Парсинг закончен
[2025-06-18 22:15:26][Информация]: Проверка подписок...
[2025-06-18 22:15:29][Информация]: Подписки в порядке
[2025-06-18 22:15:29][Информация]: Парсинг начат
[2025-06-18 22:15:40][Информация]: Парсинг закончен
[2025-06-18 22:16:10][Информация]: Проверка подписок...
[2025-06-18 22:16:13][Информация]: Подписки в порядке
[2025-06-18 22:16:13][Информация]: Парсинг начат
[2025-06-18 22:16:24][Информация]: Парсинг закончен
[2025-06-18 22:16:54][Информация]: Проверка подписок...
[2025-06-18 22:16:57][Информация]: Подписки в порядке
[2025-06-18 22:16:57][Информация]: Парсинг начат
[2025-06-18 22:17:10][Информация]: Парсинг закончен
[2025-06-18 22:17:40][Информация]: Проверка подписок...
[2025-06-18 22:17:44][Информация]: Подписки в порядке
[2025-06-18 22:17:44][Информация]: Парсинг начат
[2025-06-18 22:17:57][Информация]: Парсинг закончен
[2025-06-18 22:18:27][Информация]: Проверка подписок...
[2025-06-18 22:18:31][Информация]: Подписки в порядке
[2025-06-18 22:18:31][Информация]: Парсинг начат
[2025-06-18 22:18:40][Предупреждение]: /allbestbets/ Попытка найти несуществующий селектор
[2025-06-18 22:18:43][Информация]: Парсинг закончен
[2025-06-18 22:19:13][Информация]: Проверка подписок...
[2025-06-18 22:19:17][Информация]: Подписки в порядке
[2025-06-18 22:19:17][Информация]: Парсинг начат
[2025-06-18 22:19:30][Информация]: Парсинг закончен
[2025-06-18 22:20:00][Информация]: Проверка подписок...
[2025-06-18 22:20:04][Информация]: Подписки в порядке
[2025-06-18 22:20:04][Информация]: Парсинг начат
[2025-06-18 22:20:14][Информация]: Парсинг закончен
[2025-06-18 22:20:44][Информация]: Проверка подписок...
[2025-06-18 22:20:54][Информация]: Подписки в порядке
[2025-06-18 22:20:54][Информация]: Парсинг начат
[2025-06-18 22:21:05][Предупреждение]: /allbestbets/ Попытка найти несуществующий селектор
[2025-06-18 22:21:05][Информация]: Парсинг закончен
[2025-06-18 22:21:35][Информация]: Проверка подписок...
[2025-06-18 22:21:39][Информация]: Подписки в порядке
[2025-06-18 22:21:39][Информация]: Парсинг начат
[2025-06-18 22:22:10][Предупреждение]: /allbestbets/ Попытка найти несуществующий селектор
[2025-06-18 22:22:11][Информация]: Парсинг закончен
[2025-06-18 22:22:41][Информация]: Проверка подписок...
[2025-06-18 22:22:45][Информация]: Подписки в порядке
[2025-06-18 22:22:45][Информация]: Парсинг начат
[2025-06-18 22:22:51][Информация]: Парсинг закончен
[2025-06-18 22:23:21][Информация]: Проверка подписок...
[2025-06-18 22:23:25][Информация]: Подписки в порядке
[2025-06-18 22:23:25][Информация]: Парсинг начат
[2025-06-18 22:23:31][Информация]: Парсинг закончен
[2025-06-18 22:24:01][Информация]: Проверка подписок...
[2025-06-18 22:24:06][Информация]: Подписки в порядке
[2025-06-18 22:24:06][Информация]: Парсинг начат
[2025-06-18 22:24:12][Информация]: /allbestbets/ Список прогнозов пуст в данный момент
[2025-06-18 22:24:12][Информация]: Парсинг закончен
[2025-06-18 22:24:42][Информация]: Проверка подписок...
[2025-06-18 22:24:46][Информация]: Подписки в порядке
[2025-06-18 22:24:46][Информация]: Парсинг начат
[2025-06-18 22:24:52][Информация]: /allbestbets/ Список прогнозов пуст в данный момент
[2025-06-18 22:24:53][Информация]: Парсинг закончен
[2025-06-18 22:25:23][Информация]: Проверка подписок...
[2025-06-18 22:25:27][Информация]: Подписки в порядке
[2025-06-18 22:25:27][Информация]: Парсинг начат
[2025-06-18 22:25:33][Информация]: /allbestbets/ Список прогнозов пуст в данный момент
[2025-06-18 22:25:33][Информация]: Парсинг закончен
[2025-06-18 22:26:03][Информация]: Проверка подписок...
[2025-06-18 22:26:07][Информация]: Подписки в порядке
[2025-06-18 22:26:07][Информация]: Парсинг начат
[2025-06-18 22:26:13][Информация]: /allbestbets/ Список прогнозов пуст в данный момент
[2025-06-18 22:26:13][Информация]: Парсинг закончен
[2025-06-18 22:26:43][Информация]: Проверка подписок...
[2025-06-18 22:26:47][Информация]: Подписки в порядке
[2025-06-18 22:26:47][Информация]: Парсинг начат
[2025-06-18 22:26:54][Информация]: /allbestbets/ Список прогнозов пуст в данный момент
[2025-06-18 22:26:54][Информация]: Парсинг закончен
[2025-06-18 22:27:24][Информация]: Проверка подписок...
[2025-06-18 22:27:28][Информация]: Подписки в порядке
[2025-06-18 22:27:28][Информация]: Парсинг начат
[2025-06-18 22:27:34][Информация]: /allbestbets/ Список прогнозов пуст в данный момент
[2025-06-18 22:27:34][Информация]: Парсинг закончен
[2025-06-18 22:28:04][Информация]: Проверка подписок...
[2025-06-18 22:28:08][Информация]: Подписки в порядке
[2025-06-18 22:28:08][Информация]: Парсинг начат
[2025-06-18 22:28:14][Информация]: /allbestbets/ Список прогнозов пуст в данный момент
[2025-06-18 22:28:14][Информация]: Парсинг закончен
[2025-06-18 22:28:44][Информация]: Проверка подписок...
[2025-06-18 22:28:48][Информация]: Подписки в порядке
[2025-06-18 22:28:48][Информация]: Парсинг начат
[2025-06-18 22:28:54][Информация]: /allbestbets/ Список прогнозов пуст в данный момент
[2025-06-18 22:28:55][Информация]: Парсинг закончен
[2025-06-18 22:29:25][Информация]: Проверка подписок...
[2025-06-18 22:29:28][Информация]: Подписки в порядке
[2025-06-18 22:29:28][Информация]: Парсинг начат
[2025-06-18 22:29:35][Информация]: /allbestbets/ Список прогнозов пуст в данный момент
[2025-06-18 22:29:35][Информация]: Парсинг закончен
[2025-06-18 22:30:05][Информация]: Проверка подписок...
[2025-06-18 22:30:09][Информация]: Подписки в порядке
[2025-06-18 22:30:09][Информация]: Парсинг начат
[2025-06-18 22:30:15][Информация]: /allbestbets/ Список прогнозов пуст в данный момент
[2025-06-18 22:30:15][Информация]: Парсинг закончен
[2025-06-18 22:30:45][Информация]: Проверка подписок...
[2025-06-18 22:30:48][Информация]: Подписки в порядке
[2025-06-18 22:30:48][Информация]: Парсинг начат
[2025-06-18 22:30:55][Информация]: Парсинг закончен
[2025-06-18 22:31:25][Информация]: Проверка подписок...
[2025-06-18 22:31:29][Информация]: Подписки в порядке
[2025-06-18 22:31:29][Информация]: Парсинг начат
[2025-06-18 22:31:35][Информация]: Парсинг закончен
[2025-06-18 22:32:05][Информация]: Проверка подписок...
[2025-06-18 22:32:09][Информация]: Подписки в порядке
[2025-06-18 22:32:09][Информация]: Парсинг начат
[2025-06-18 22:32:15][Информация]: Парсинг закончен
[2025-06-18 22:32:45][Информация]: Проверка подписок...
[2025-06-18 22:32:49][Информация]: Подписки в порядке
[2025-06-18 22:32:49][Информация]: Парсинг начат
[2025-06-18 22:32:56][Информация]: Парсинг закончен
[2025-06-18 22:33:26][Информация]: Проверка подписок...
[2025-06-18 22:33:30][Информация]: Подписки в порядке
[2025-06-18 22:33:30][Информация]: Парсинг начат
[2025-06-18 22:33:36][Информация]: Парсинг закончен
[2025-06-18 22:34:06][Информация]: Проверка подписок...
[2025-06-18 22:34:10][Информация]: Подписки в порядке
[2025-06-18 22:34:10][Информация]: Парсинг начат
[2025-06-18 22:34:19][Ошибка]: ElementHandle.click: Element is not attached to the DOM
Call log:
  - attempting click action
    - waiting for element to be visible, enabled and stable
    - element is not stable
  - retrying click action
    - waiting for element to be visible, enabled and stable

[2025-06-18 22:34:19][Информация]: Парсинг закончен
[2025-06-18 22:34:49][Информация]: Проверка подписок...
[2025-06-18 22:34:53][Информация]: Подписки в порядке
[2025-06-18 22:34:53][Информация]: Парсинг начат
[2025-06-18 22:35:03][Информация]: Парсинг закончен
[2025-06-18 22:35:33][Информация]: Проверка подписок...
[2025-06-18 22:35:37][Информация]: Подписки в порядке
[2025-06-18 22:35:37][Информация]: Парсинг начат
[2025-06-18 22:35:43][Информация]: /allbestbets/ Список прогнозов пуст в данный момент
[2025-06-18 22:35:43][Информация]: Парсинг закончен
[2025-06-18 22:36:13][Информация]: Проверка подписок...
[2025-06-18 22:36:17][Информация]: Подписки в порядке
[2025-06-18 22:36:17][Информация]: Парсинг начат
[2025-06-18 22:36:23][Информация]: /allbestbets/ Список прогнозов пуст в данный момент
[2025-06-18 22:36:23][Информация]: Парсинг закончен
[2025-06-18 22:36:53][Информация]: Проверка подписок...
[2025-06-18 22:36:57][Информация]: Подписки в порядке
[2025-06-18 22:36:57][Информация]: Парсинг начат
[2025-06-18 22:37:03][Информация]: /allbestbets/ Список прогнозов пуст в данный момент
[2025-06-18 22:37:03][Информация]: Парсинг закончен
[2025-06-18 22:37:33][Информация]: Проверка подписок...
[2025-06-18 22:37:37][Информация]: Подписки в порядке
[2025-06-18 22:37:37][Информация]: Парсинг начат
[2025-06-18 22:37:46][Предупреждение]: /allbestbets/ Попытка найти несуществующий селектор
[2025-06-18 22:37:46][Информация]: Парсинг закончен
[2025-06-18 22:38:16][Информация]: Проверка подписок...
[2025-06-18 22:38:20][Информация]: Подписки в порядке
[2025-06-18 22:38:20][Информация]: Парсинг начат
[2025-06-18 22:38:26][Информация]: /allbestbets/ Список прогнозов пуст в данный момент
[2025-06-18 22:38:26][Информация]: Парсинг закончен
[2025-06-18 22:38:56][Информация]: Проверка подписок...
[2025-06-18 22:39:00][Информация]: Подписки в порядке
[2025-06-18 22:39:00][Информация]: Парсинг начат
[2025-06-18 22:39:07][Информация]: /allbestbets/ Список прогнозов пуст в данный момент
[2025-06-18 22:39:07][Информация]: Парсинг закончен
[2025-06-18 22:39:37][Информация]: Проверка подписок...
[2025-06-18 22:39:41][Информация]: Подписки в порядке
[2025-06-18 22:39:41][Информация]: Парсинг начат
[2025-06-18 22:39:53][Предупреждение]: /allbestbets/ Попытка найти несуществующий селектор
[2025-06-18 22:39:53][Информация]: Парсинг закончен
[2025-06-18 22:40:23][Информация]: Проверка подписок...
[2025-06-18 22:40:27][Информация]: Подписки в порядке
[2025-06-18 22:40:27][Информация]: Парсинг начат
[2025-06-18 22:40:36][Ошибка]: ElementHandle.scroll_into_view_if_needed: Element is not attached to the DOM
Call log:
  - attempting scroll into view action
    - waiting for element to be stable
    - element is not stable
  - retrying scroll into view action
    - waiting for element to be stable

[2025-06-18 22:40:36][Информация]: Парсинг закончен
[2025-06-18 22:41:06][Информация]: Проверка подписок...
[2025-06-18 22:41:10][Информация]: Подписки в порядке
[2025-06-18 22:41:10][Информация]: Парсинг начат
[2025-06-18 22:41:22][Предупреждение]: /allbestbets/ Попытка найти несуществующий селектор
[2025-06-18 22:41:22][Информация]: Парсинг закончен
[2025-06-18 22:41:52][Информация]: Проверка подписок...
[2025-06-18 22:41:56][Информация]: Подписки в порядке
[2025-06-18 22:41:56][Информация]: Парсинг начат
[2025-06-18 22:42:07][Предупреждение]: /allbestbets/ Попытка найти несуществующий селектор
[2025-06-18 22:42:08][Информация]: Парсинг закончен
[2025-06-18 22:42:38][Информация]: Проверка подписок...
[2025-06-18 22:42:41][Информация]: Подписки в порядке
[2025-06-18 22:42:41][Информация]: Парсинг начат
[2025-06-18 22:42:57][Предупреждение]: /allbestbets/ Попытка найти несуществующий селектор
[2025-06-18 22:42:59][Предупреждение]: /allbestbets/ Попытка найти несуществующий селектор
[2025-06-18 22:42:59][Информация]: Парсинг закончен
[2025-06-18 22:43:29][Информация]: Проверка подписок...
[2025-06-18 22:43:33][Информация]: Подписки в порядке
[2025-06-18 22:43:33][Информация]: Парсинг начат
[2025-06-18 22:43:41][Предупреждение]: /allbestbets/ Попытка найти несуществующий селектор
[2025-06-18 22:43:43][Предупреждение]: /allbestbets/ Попытка найти несуществующий селектор
[2025-06-18 22:43:49][Предупреждение]: /allbestbets/ Попытка найти несуществующий селектор
[2025-06-18 22:43:51][Предупреждение]: /allbestbets/ Попытка найти несуществующий селектор
[2025-06-18 22:43:51][Информация]: Парсинг закончен
[2025-06-18 22:44:21][Информация]: Проверка подписок...
[2025-06-18 22:44:25][Информация]: Подписки в порядке
[2025-06-18 22:44:25][Информация]: Парсинг начат
[2025-06-18 22:44:33][Предупреждение]: /allbestbets/ Попытка найти несуществующий селектор
[2025-06-18 22:44:35][Предупреждение]: /allbestbets/ Попытка найти несуществующий селектор
[2025-06-18 22:44:41][Предупреждение]: /allbestbets/ Попытка найти несуществующий селектор
[2025-06-18 22:44:43][Предупреждение]: /allbestbets/ Попытка найти несуществующий селектор
[2025-06-18 22:44:43][Информация]: Парсинг закончен
[2025-06-18 22:45:13][Информация]: Проверка подписок...
[2025-06-18 22:45:16][Информация]: Подписки в порядке
[2025-06-18 22:45:16][Информация]: Парсинг начат
[2025-06-18 22:45:25][Предупреждение]: /allbestbets/ Попытка найти несуществующий селектор
[2025-06-18 22:45:30][Предупреждение]: /allbestbets/ Попытка найти несуществующий селектор
[2025-06-18 22:45:30][Информация]: Парсинг закончен
[2025-06-18 22:46:00][Информация]: Проверка подписок...
[2025-06-18 22:46:04][Информация]: Подписки в порядке
[2025-06-18 22:46:05][Информация]: Парсинг начат
[2025-06-18 22:46:18][Информация]: Парсинг закончен
[2025-06-18 22:46:48][Информация]: Проверка подписок...
[2025-06-18 22:46:51][Информация]: Подписки в порядке
[2025-06-18 22:46:51][Информация]: Парсинг начат
[2025-06-18 22:47:07][Информация]: Парсинг закончен
[2025-06-18 22:47:37][Информация]: Проверка подписок...
[2025-06-18 22:47:41][Информация]: Подписки в порядке
[2025-06-18 22:47:41][Информация]: Парсинг начат
[2025-06-18 22:47:54][Информация]: Парсинг закончен
[2025-06-18 22:48:24][Информация]: Проверка подписок...
[2025-06-18 22:48:28][Информация]: Подписки в порядке
[2025-06-18 22:48:28][Информация]: Парсинг начат
[2025-06-18 22:48:34][Информация]: Парсинг закончен
[2025-06-18 22:49:04][Информация]: Проверка подписок...
[2025-06-18 22:49:08][Информация]: Подписки в порядке
[2025-06-18 22:49:08][Информация]: Парсинг начат
[2025-06-18 22:49:14][Информация]: Парсинг закончен
[2025-06-18 22:49:44][Информация]: Проверка подписок...
[2025-06-18 22:49:48][Информация]: Подписки в порядке
[2025-06-18 22:49:48][Информация]: Парсинг начат
[2025-06-18 22:49:55][Информация]: /allbestbets/ Список прогнозов пуст в данный момент
[2025-06-18 22:49:55][Информация]: Парсинг закончен
[2025-06-18 22:50:25][Информация]: Проверка подписок...
[2025-06-18 22:50:29][Информация]: Подписки в порядке
[2025-06-18 22:50:29][Информация]: Парсинг начат
[2025-06-18 22:50:35][Информация]: /allbestbets/ Список прогнозов пуст в данный момент
[2025-06-18 22:50:35][Информация]: Парсинг закончен
[2025-06-18 22:51:05][Информация]: Проверка подписок...
[2025-06-18 22:51:09][Информация]: Подписки в порядке
[2025-06-18 22:51:09][Информация]: Парсинг начат
[2025-06-18 22:51:19][Информация]: Парсинг закончен
[2025-06-18 22:51:49][Информация]: Проверка подписок...
[2025-06-18 22:51:52][Информация]: Подписки в порядке
[2025-06-18 22:51:52][Информация]: Парсинг начат
[2025-06-18 22:51:59][Информация]: Парсинг закончен
[2025-06-18 22:52:29][Информация]: Проверка подписок...
[2025-06-18 22:52:32][Информация]: Подписки в порядке
[2025-06-18 22:52:32][Информация]: Парсинг начат
[2025-06-18 22:52:39][Информация]: Парсинг закончен
[2025-06-18 22:53:09][Информация]: Проверка подписок...
[2025-06-18 22:53:12][Информация]: Подписки в порядке
[2025-06-18 22:53:12][Информация]: Парсинг начат
[2025-06-18 22:53:19][Информация]: Парсинг закончен
[2025-06-18 22:53:49][Информация]: Проверка подписок...
[2025-06-18 22:53:52][Информация]: Подписки в порядке
[2025-06-18 22:53:52][Информация]: Парсинг начат
[2025-06-18 22:54:03][Информация]: Парсинг закончен
[2025-06-18 22:54:33][Информация]: Проверка подписок...
[2025-06-18 22:54:37][Информация]: Подписки в порядке
[2025-06-18 22:54:37][Информация]: Парсинг начат
[2025-06-18 22:54:45][Предупреждение]: /allbestbets/ Попытка найти несуществующий селектор
[2025-06-18 22:54:45][Информация]: Парсинг закончен
[2025-06-18 22:55:15][Информация]: Проверка подписок...
[2025-06-18 22:55:19][Информация]: Подписки в порядке
[2025-06-18 22:55:19][Информация]: Парсинг начат
[2025-06-18 22:55:32][Информация]: Парсинг закончен
[2025-06-18 22:56:02][Информация]: Проверка подписок...
[2025-06-18 22:56:06][Информация]: Подписки в порядке
[2025-06-18 22:56:06][Информация]: Парсинг начат
[2025-06-18 22:56:13][Ошибка]: /allbestbets/ Длительное время ожидания, проблемы с подключением.
[2025-06-18 22:56:13][Информация]: Парсинг закончен
[2025-06-18 22:56:43][Информация]: Проверка подписок...
[2025-06-18 22:56:46][Информация]: Подписки в порядке
[2025-06-18 22:56:46][Информация]: Парсинг начат
[2025-06-18 22:56:55][Предупреждение]: /allbestbets/ Попытка найти несуществующий селектор
[2025-06-18 22:56:55][Информация]: Парсинг закончен
[2025-06-18 22:57:25][Информация]: Проверка подписок...
[2025-06-18 22:57:29][Информация]: Подписки в порядке
[2025-06-18 22:57:29][Информация]: Парсинг начат
[2025-06-18 22:57:41][Предупреждение]: /allbestbets/ Попытка найти несуществующий селектор
[2025-06-18 22:57:41][Информация]: Парсинг закончен
[2025-06-18 22:58:11][Информация]: Проверка подписок...
[2025-06-18 22:58:15][Информация]: Подписки в порядке
[2025-06-18 22:58:15][Информация]: Парсинг начат
[2025-06-18 22:58:21][Информация]: Парсинг закончен
[2025-06-18 22:58:51][Информация]: Проверка подписок...
[2025-06-18 22:58:55][Информация]: Подписки в порядке
[2025-06-18 22:58:55][Информация]: Парсинг начат
[2025-06-18 22:59:01][Информация]: Парсинг закончен
[2025-06-18 22:59:31][Информация]: Проверка подписок...
[2025-06-18 22:59:35][Информация]: Подписки в порядке
[2025-06-18 22:59:35][Информация]: Парсинг начат
[2025-06-18 22:59:41][Информация]: /allbestbets/ Список прогнозов пуст в данный момент
[2025-06-18 22:59:41][Информация]: Парсинг закончен
[2025-06-18 23:00:11][Информация]: Проверка подписок...
[2025-06-18 23:00:16][Информация]: Подписки в порядке
[2025-06-18 23:00:16][Информация]: Парсинг начат
[2025-06-18 23:00:22][Информация]: /allbestbets/ Список прогнозов пуст в данный момент
[2025-06-18 23:00:23][Информация]: Парсинг закончен
[2025-06-18 23:00:53][Информация]: Проверка подписок...
[2025-06-18 23:00:56][Информация]: Подписки в порядке
[2025-06-18 23:00:56][Информация]: Парсинг начат
[2025-06-18 23:01:05][Ошибка]: ElementHandle.click: Element is not attached to the DOM
Call log:
  - attempting click action
    - waiting for element to be visible, enabled and stable

[2025-06-18 23:01:05][Информация]: Парсинг закончен
[2025-06-18 23:01:35][Информация]: Проверка подписок...
[2025-06-18 23:01:39][Информация]: Подписки в порядке
[2025-06-18 23:01:39][Информация]: Парсинг начат
[2025-06-18 23:01:50][Информация]: Парсинг закончен
[2025-06-18 23:02:20][Информация]: Проверка подписок...
[2025-06-18 23:02:23][Информация]: Подписки в порядке
[2025-06-18 23:02:23][Информация]: Парсинг начат
[2025-06-18 23:02:30][Информация]: /allbestbets/ Список прогнозов пуст в данный момент
[2025-06-18 23:02:30][Информация]: Парсинг закончен
[2025-06-18 23:03:00][Информация]: Проверка подписок...
[2025-06-18 23:03:04][Информация]: Подписки в порядке
[2025-06-18 23:03:04][Информация]: Парсинг начат
[2025-06-18 23:03:10][Информация]: /allbestbets/ Список прогнозов пуст в данный момент
[2025-06-18 23:03:10][Информация]: Парсинг закончен
[2025-06-18 23:03:40][Информация]: Проверка подписок...
[2025-06-18 23:03:44][Информация]: Подписки в порядке
[2025-06-18 23:03:44][Информация]: Парсинг начат
[2025-06-18 23:03:51][Информация]: /allbestbets/ Список прогнозов пуст в данный момент
[2025-06-18 23:03:51][Информация]: Парсинг закончен
[2025-06-18 23:04:21][Информация]: Проверка подписок...
[2025-06-18 23:04:25][Информация]: Подписки в порядке
[2025-06-18 23:04:25][Информация]: Парсинг начат
[2025-06-18 23:04:31][Информация]: /allbestbets/ Список прогнозов пуст в данный момент
[2025-06-18 23:04:31][Информация]: Парсинг закончен
[2025-06-18 23:05:01][Информация]: Проверка подписок...
[2025-06-18 23:05:05][Информация]: Подписки в порядке
[2025-06-18 23:05:05][Информация]: Парсинг начат
[2025-06-18 23:05:13][Информация]: /allbestbets/ Список прогнозов пуст в данный момент
[2025-06-18 23:05:13][Информация]: Парсинг закончен
[2025-06-18 23:05:43][Информация]: Проверка подписок...
[2025-06-18 23:05:46][Информация]: Подписки в порядке
[2025-06-18 23:05:46][Информация]: Парсинг начат
[2025-06-18 23:05:53][Информация]: /allbestbets/ Список прогнозов пуст в данный момент
[2025-06-18 23:05:53][Информация]: Парсинг закончен
[2025-06-18 23:06:23][Информация]: Проверка подписок...
[2025-06-18 23:06:27][Информация]: Подписки в порядке
[2025-06-18 23:06:27][Информация]: Парсинг начат
[2025-06-18 23:06:37][Информация]: Парсинг закончен
[2025-06-18 23:07:07][Информация]: Проверка подписок...
[2025-06-18 23:07:11][Информация]: Подписки в порядке
[2025-06-18 23:07:11][Информация]: Парсинг начат
[2025-06-18 23:07:21][Информация]: Парсинг закончен
[2025-06-18 23:07:51][Информация]: Проверка подписок...
[2025-06-18 23:07:54][Информация]: Подписки в порядке
[2025-06-18 23:07:54][Информация]: Парсинг начат
[2025-06-18 23:08:03][Предупреждение]: /allbestbets/ Попытка найти несуществующий селектор
[2025-06-18 23:08:03][Информация]: Парсинг закончен
[2025-06-18 23:08:33][Информация]: Проверка подписок...
[2025-06-18 23:08:37][Информация]: Подписки в порядке
[2025-06-18 23:08:37][Информация]: Парсинг начат
[2025-06-18 23:08:47][Информация]: Парсинг закончен
[2025-06-18 23:09:17][Информация]: Проверка подписок...
[2025-06-18 23:09:21][Информация]: Подписки в порядке
[2025-06-18 23:09:21][Информация]: Парсинг начат
[2025-06-18 23:09:32][Информация]: Парсинг закончен
[2025-06-18 23:10:02][Информация]: Проверка подписок...
[2025-06-18 23:10:06][Информация]: Подписки в порядке
[2025-06-18 23:10:06][Информация]: Парсинг начат
[2025-06-18 23:10:18][Предупреждение]: /allbestbets/ Попытка найти несуществующий селектор
[2025-06-18 23:10:18][Информация]: Парсинг закончен
[2025-06-18 23:10:48][Информация]: Проверка подписок...
[2025-06-18 23:10:52][Информация]: Подписки в порядке
[2025-06-18 23:10:52][Информация]: Парсинг начат
[2025-06-18 23:11:01][Предупреждение]: /allbestbets/ Попытка найти несуществующий селектор
[2025-06-18 23:11:03][Предупреждение]: /allbestbets/ Попытка найти несуществующий селектор
[2025-06-18 23:11:03][Информация]: Парсинг закончен
[2025-06-18 23:11:33][Информация]: Проверка подписок...
[2025-06-18 23:11:37][Информация]: Подписки в порядке
[2025-06-18 23:11:37][Информация]: Парсинг начат
[2025-06-18 23:11:47][Информация]: Парсинг закончен
[2025-06-18 23:12:17][Информация]: Проверка подписок...
[2025-06-18 23:12:21][Информация]: Подписки в порядке
[2025-06-18 23:12:21][Информация]: Парсинг начат
[2025-06-18 23:12:31][Информация]: Парсинг закончен
[2025-06-18 23:13:01][Информация]: Проверка подписок...
[2025-06-18 23:13:05][Информация]: Подписки в порядке
[2025-06-18 23:13:05][Информация]: Парсинг начат
[2025-06-18 23:13:15][Информация]: Парсинг закончен
[2025-06-18 23:13:40][Предупреждение]: Received SIGINT signal
