[2025-06-18 23:38:08][Информация]: Таска поднялась
[2025-06-18 23:38:08][Информация]: Проверка подписок...
[2025-06-18 23:38:12][Информация]: Подписки в порядке
[2025-06-18 23:38:12][Информация]: Парсинг начат
[2025-06-18 23:38:19][Информация]: /allbestbets/ Список прогнозов пуст в данный момент
[2025-06-18 23:38:19][Информация]: Парсинг закончен
[2025-06-18 23:38:49][Информация]: Проверка подписок...
[2025-06-18 23:38:53][Информация]: Подписки в порядке
[2025-06-18 23:38:53][Информация]: Парсинг начат
[2025-06-18 23:38:59][Информация]: /allbestbets/ Список прогнозов пуст в данный момент
[2025-06-18 23:38:59][Информация]: Парсинг закончен
[2025-06-18 23:39:29][Информация]: Проверка подписок...
[2025-06-18 23:39:33][Информация]: Подписки в порядке
[2025-06-18 23:39:33][Информация]: Парсинг начат
[2025-06-18 23:39:44][Предупреждение]: /allbestbets/ Попытка найти несуществующий селектор
[2025-06-18 23:39:44][Информация]: Парсинг закончен
[2025-06-18 23:40:14][Информация]: Проверка подписок...
[2025-06-18 23:40:18][Информация]: Подписки в порядке
[2025-06-18 23:40:18][Информация]: Парсинг начат
[2025-06-18 23:40:24][Информация]: /allbestbets/ Список прогнозов пуст в данный момент
[2025-06-18 23:40:25][Информация]: Парсинг закончен
[2025-06-18 23:40:55][Информация]: Проверка подписок...
[2025-06-18 23:40:58][Информация]: Подписки в порядке
[2025-06-18 23:40:58][Информация]: Парсинг начат
[2025-06-18 23:41:09][Предупреждение]: /allbestbets/ Попытка найти несуществующий селектор
[2025-06-18 23:41:10][Информация]: Парсинг закончен
[2025-06-18 23:41:40][Информация]: Проверка подписок...
[2025-06-18 23:41:43][Информация]: Подписки в порядке
[2025-06-18 23:41:43][Информация]: Парсинг начат
[2025-06-18 23:41:54][Информация]: Парсинг закончен
[2025-06-18 23:42:24][Информация]: Проверка подписок...
[2025-06-18 23:42:27][Информация]: Подписки в порядке
[2025-06-18 23:42:27][Информация]: Парсинг начат
[2025-06-18 23:42:37][Информация]: Парсинг закончен
[2025-06-18 23:43:07][Информация]: Проверка подписок...
[2025-06-18 23:43:11][Информация]: Подписки в порядке
[2025-06-18 23:43:11][Информация]: Парсинг начат
[2025-06-18 23:43:21][Информация]: Парсинг закончен
[2025-06-18 23:43:51][Информация]: Проверка подписок...
[2025-06-18 23:43:55][Информация]: Подписки в порядке
[2025-06-18 23:43:55][Информация]: Парсинг начат
[2025-06-18 23:44:05][Информация]: Парсинг закончен
[2025-06-18 23:44:35][Информация]: Проверка подписок...
[2025-06-18 23:44:39][Информация]: Подписки в порядке
[2025-06-18 23:44:39][Информация]: Парсинг начат
[2025-06-18 23:44:50][Предупреждение]: /allbestbets/ Попытка найти несуществующий селектор
[2025-06-18 23:44:50][Информация]: Парсинг закончен
[2025-06-18 23:45:20][Информация]: Проверка подписок...
[2025-06-18 23:45:24][Информация]: Подписки в порядке
[2025-06-18 23:45:24][Информация]: Парсинг начат
[2025-06-18 23:45:35][Предупреждение]: /allbestbets/ Попытка найти несуществующий селектор
[2025-06-18 23:45:35][Информация]: Парсинг закончен
[2025-06-18 23:46:05][Информация]: Проверка подписок...
[2025-06-18 23:46:09][Информация]: Подписки в порядке
[2025-06-18 23:46:09][Информация]: Парсинг начат
[2025-06-18 23:46:20][Предупреждение]: /allbestbets/ Попытка найти несуществующий селектор
[2025-06-18 23:46:20][Информация]: Парсинг закончен
[2025-06-18 23:46:50][Информация]: Проверка подписок...
[2025-06-18 23:46:54][Информация]: Подписки в порядке
[2025-06-18 23:46:54][Информация]: Парсинг начат
[2025-06-18 23:47:00][Информация]: /allbestbets/ Список прогнозов пуст в данный момент
[2025-06-18 23:47:00][Информация]: Парсинг закончен
[2025-06-18 23:47:30][Информация]: Проверка подписок...
[2025-06-18 23:47:34][Информация]: Подписки в порядке
[2025-06-18 23:47:34][Информация]: Парсинг начат
[2025-06-18 23:47:45][Предупреждение]: /allbestbets/ Попытка найти несуществующий селектор
[2025-06-18 23:47:45][Информация]: Парсинг закончен
[2025-06-18 23:48:15][Информация]: Проверка подписок...
[2025-06-18 23:48:19][Информация]: Подписки в порядке
[2025-06-18 23:48:19][Информация]: Парсинг начат
[2025-06-18 23:48:29][Предупреждение]: /allbestbets/ Попытка найти несуществующий селектор
[2025-06-18 23:48:30][Информация]: Парсинг закончен
[2025-06-18 23:48:39][Предупреждение]: Received SIGINT signal
