[2025-06-19 06:48:42][Информация]: Таска поднялась
[2025-06-19 06:48:42][Информация]: Проверка подписок...
[2025-06-19 06:48:46][Информация]: Подписки в порядке
[2025-06-19 06:48:46][Информация]: Парсинг начат
[2025-06-19 06:48:53][Информация]: /allbestbets/ Матчи на событие 409975350 не прошли проверку
[2025-06-19 06:48:53][Информация]: Парсинг закончен
[2025-06-19 06:49:23][Информация]: Проверка подписок...
[2025-06-19 06:49:27][Информация]: Подписки в порядке
[2025-06-19 06:49:27][Информация]: Парсинг начат
[2025-06-19 06:49:33][Информация]: /allbestbets/ Матчи на событие 409975350 не прошли проверку
[2025-06-19 06:49:33][Информация]: Парсинг закончен
[2025-06-19 06:50:03][Информация]: Проверка подписок...
[2025-06-19 06:50:07][Информация]: Подписки в порядке
[2025-06-19 06:50:07][Информация]: Парсинг начат
[2025-06-19 06:50:13][Информация]: /allbestbets/ Матчи на событие 409975350 не прошли проверку
[2025-06-19 06:50:13][Информация]: Парсинг закончен
[2025-06-19 06:50:43][Информация]: Проверка подписок...
[2025-06-19 06:50:47][Информация]: Подписки в порядке
[2025-06-19 06:50:47][Информация]: Парсинг начат
[2025-06-19 06:50:53][Информация]: /allbestbets/ Матчи на событие 409975350 не прошли проверку
[2025-06-19 06:50:54][Информация]: Парсинг закончен
[2025-06-19 06:51:24][Информация]: Проверка подписок...
[2025-06-19 06:51:28][Информация]: Подписки в порядке
[2025-06-19 06:51:28][Информация]: Парсинг начат
[2025-06-19 06:51:34][Информация]: /allbestbets/ Список прогнозов пуст в данный момент
[2025-06-19 06:51:34][Информация]: Парсинг закончен
[2025-06-19 06:52:04][Информация]: Проверка подписок...
[2025-06-19 06:52:08][Информация]: Подписки в порядке
[2025-06-19 06:52:08][Информация]: Парсинг начат
[2025-06-19 06:52:14][Информация]: /allbestbets/ Список прогнозов пуст в данный момент
[2025-06-19 06:52:14][Информация]: Парсинг закончен
[2025-06-19 06:52:44][Информация]: Проверка подписок...
[2025-06-19 06:52:48][Информация]: Подписки в порядке
[2025-06-19 06:52:48][Информация]: Парсинг начат
[2025-06-19 06:52:54][Информация]: /allbestbets/ Список прогнозов пуст в данный момент
[2025-06-19 06:52:54][Информация]: Парсинг закончен
[2025-06-19 06:53:24][Информация]: Проверка подписок...
[2025-06-19 06:53:28][Информация]: Подписки в порядке
[2025-06-19 06:53:28][Информация]: Парсинг начат
[2025-06-19 06:53:34][Информация]: /allbestbets/ Список прогнозов пуст в данный момент
[2025-06-19 06:53:34][Информация]: Парсинг закончен
[2025-06-19 06:54:04][Информация]: Проверка подписок...
[2025-06-19 06:54:08][Информация]: Подписки в порядке
[2025-06-19 06:54:08][Информация]: Парсинг начат
[2025-06-19 06:54:22][Информация]: /allbestbets/ КФ Pinnacle выше КФ сравниваемого бк
[2025-06-19 06:54:22][Информация]: /allbestbets/ Матчи на событие 409981454 не прошли проверку
[2025-06-19 06:54:22][Информация]: Парсинг закончен
[2025-06-19 06:54:52][Информация]: Проверка подписок...
[2025-06-19 06:54:56][Информация]: Подписки в порядке
[2025-06-19 06:54:56][Информация]: Парсинг начат
[2025-06-19 06:55:10][Информация]: /allbestbets/ КФ Pinnacle выше КФ сравниваемого бк
[2025-06-19 06:55:10][Информация]: /allbestbets/ Матчи на событие 409981454 не прошли проверку
[2025-06-19 06:55:10][Информация]: Парсинг закончен
[2025-06-19 06:55:40][Информация]: Проверка подписок...
[2025-06-19 06:55:44][Информация]: Подписки в порядке
[2025-06-19 06:55:44][Информация]: Парсинг начат
[2025-06-19 06:55:58][Информация]: /allbestbets/ КФ Pinnacle выше КФ сравниваемого бк
[2025-06-19 06:55:58][Информация]: /allbestbets/ Матчи на событие 409934000 не прошли проверку
[2025-06-19 06:56:05][Информация]: /allbestbets/ КФ Pinnacle выше КФ сравниваемого бк
[2025-06-19 06:56:05][Информация]: /allbestbets/ Матчи на событие 409981454 не прошли проверку
[2025-06-19 06:56:05][Информация]: Парсинг закончен
[2025-06-19 06:56:35][Информация]: Проверка подписок...
[2025-06-19 06:56:39][Информация]: Подписки в порядке
[2025-06-19 06:56:39][Информация]: Парсинг начат
[2025-06-19 06:56:53][Информация]: /allbestbets/ КФ Pinnacle выше КФ сравниваемого бк
[2025-06-19 06:56:53][Информация]: /allbestbets/ Матчи на событие 409934000 не прошли проверку
[2025-06-19 06:56:53][Информация]: Парсинг закончен
[2025-06-19 06:57:23][Информация]: Проверка подписок...
[2025-06-19 06:57:27][Информация]: Подписки в порядке
[2025-06-19 06:57:27][Информация]: Парсинг начат
[2025-06-19 06:57:33][Информация]: /allbestbets/ Матчи на событие 409981485 не прошли проверку
[2025-06-19 06:57:41][Информация]: /allbestbets/ КФ Pinnacle выше КФ сравниваемого бк
[2025-06-19 06:57:41][Информация]: /allbestbets/ Матчи на событие 409934000 не прошли проверку
[2025-06-19 06:57:41][Информация]: Парсинг закончен
[2025-06-19 06:58:11][Информация]: Проверка подписок...
[2025-06-19 06:58:15][Информация]: Подписки в порядке
[2025-06-19 06:58:15][Информация]: Парсинг начат
[2025-06-19 06:58:21][Информация]: /allbestbets/ Матчи на событие 409981485 не прошли проверку
[2025-06-19 06:58:28][Информация]: /allbestbets/ КФ Pinnacle выше КФ сравниваемого бк
[2025-06-19 06:58:28][Информация]: /allbestbets/ Матчи на событие 409934000 не прошли проверку
[2025-06-19 06:58:29][Информация]: Парсинг закончен
[2025-06-19 06:58:59][Информация]: Проверка подписок...
[2025-06-19 06:59:02][Информация]: Подписки в порядке
[2025-06-19 06:59:02][Информация]: Парсинг начат
[2025-06-19 06:59:16][Информация]: /allbestbets/ КФ Pinnacle выше КФ сравниваемого бк
[2025-06-19 06:59:16][Информация]: /allbestbets/ Матчи на событие 409934000 не прошли проверку
[2025-06-19 06:59:17][Информация]: Парсинг закончен
[2025-06-19 06:59:47][Информация]: Проверка подписок...
[2025-06-19 06:59:50][Информация]: Подписки в порядке
[2025-06-19 06:59:50][Информация]: Парсинг начат
[2025-06-19 07:00:04][Информация]: /allbestbets/ КФ Pinnacle выше КФ сравниваемого бк
[2025-06-19 07:00:04][Информация]: /allbestbets/ Матчи на событие 409934000 не прошли проверку
[2025-06-19 07:00:05][Информация]: Парсинг закончен
[2025-06-19 07:00:35][Информация]: Проверка подписок...
[2025-06-19 07:00:39][Информация]: Подписки в порядке
[2025-06-19 07:00:39][Информация]: Парсинг начат
[2025-06-19 07:00:45][Информация]: /allbestbets/ Список прогнозов пуст в данный момент
[2025-06-19 07:00:45][Информация]: Парсинг закончен
[2025-06-19 07:01:15][Информация]: Проверка подписок...
[2025-06-19 07:01:19][Информация]: Подписки в порядке
[2025-06-19 07:01:19][Информация]: Парсинг начат
[2025-06-19 07:01:25][Информация]: /allbestbets/ Список прогнозов пуст в данный момент
[2025-06-19 07:01:25][Информация]: Парсинг закончен
[2025-06-19 07:01:55][Информация]: Проверка подписок...
[2025-06-19 07:01:59][Информация]: Подписки в порядке
[2025-06-19 07:01:59][Информация]: Парсинг начат
[2025-06-19 07:02:06][Информация]: /allbestbets/ Список прогнозов пуст в данный момент
[2025-06-19 07:02:06][Информация]: Парсинг закончен
[2025-06-19 07:02:36][Информация]: Проверка подписок...
[2025-06-19 07:02:40][Информация]: Подписки в порядке
[2025-06-19 07:02:40][Информация]: Парсинг начат
[2025-06-19 07:02:46][Информация]: /allbestbets/ Список прогнозов пуст в данный момент
[2025-06-19 07:02:46][Информация]: Парсинг закончен
[2025-06-19 07:03:16][Информация]: Проверка подписок...
[2025-06-19 07:03:21][Информация]: Подписки в порядке
[2025-06-19 07:03:21][Информация]: Парсинг начат
[2025-06-19 07:03:27][Информация]: /allbestbets/ Список прогнозов пуст в данный момент
[2025-06-19 07:03:27][Информация]: Парсинг закончен
[2025-06-19 07:03:57][Информация]: Проверка подписок...
[2025-06-19 07:04:01][Информация]: Подписки в порядке
[2025-06-19 07:04:01][Информация]: Парсинг начат
[2025-06-19 07:04:08][Информация]: /allbestbets/ Список прогнозов пуст в данный момент
[2025-06-19 07:04:08][Информация]: Парсинг закончен
[2025-06-19 07:04:38][Информация]: Проверка подписок...
[2025-06-19 07:04:41][Информация]: Подписки в порядке
[2025-06-19 07:04:41][Информация]: Парсинг начат
[2025-06-19 07:04:48][Информация]: /allbestbets/ Список прогнозов пуст в данный момент
[2025-06-19 07:04:48][Информация]: Парсинг закончен
[2025-06-19 07:05:18][Информация]: Проверка подписок...
[2025-06-19 07:05:22][Информация]: Подписки в порядке
[2025-06-19 07:05:22][Информация]: Парсинг начат
[2025-06-19 07:05:28][Информация]: /allbestbets/ Список прогнозов пуст в данный момент
[2025-06-19 07:05:28][Информация]: Парсинг закончен
[2025-06-19 07:05:58][Информация]: Проверка подписок...
[2025-06-19 07:06:02][Информация]: Подписки в порядке
[2025-06-19 07:06:02][Информация]: Парсинг начат
[2025-06-19 07:06:08][Информация]: /allbestbets/ Список прогнозов пуст в данный момент
[2025-06-19 07:06:09][Информация]: Парсинг закончен
[2025-06-19 07:06:39][Информация]: Проверка подписок...
[2025-06-19 07:06:43][Информация]: Подписки в порядке
[2025-06-19 07:06:43][Информация]: Парсинг начат
[2025-06-19 07:06:49][Информация]: /allbestbets/ Список прогнозов пуст в данный момент
[2025-06-19 07:06:49][Информация]: Парсинг закончен
[2025-06-19 07:07:19][Информация]: Проверка подписок...
[2025-06-19 07:07:23][Информация]: Подписки в порядке
[2025-06-19 07:07:23][Информация]: Парсинг начат
[2025-06-19 07:07:36][Информация]: /allbestbets/ КФ Pinnacle выше КФ сравниваемого бк
[2025-06-19 07:07:36][Информация]: /allbestbets/ Матчи на событие 409934000 не прошли проверку
[2025-06-19 07:07:37][Информация]: Парсинг закончен
[2025-06-19 07:08:07][Информация]: Проверка подписок...
[2025-06-19 07:08:10][Информация]: Подписки в порядке
[2025-06-19 07:08:10][Информация]: Парсинг начат
[2025-06-19 07:08:17][Информация]: /allbestbets/ Список прогнозов пуст в данный момент
[2025-06-19 07:08:17][Информация]: Парсинг закончен
[2025-06-19 07:08:47][Информация]: Проверка подписок...
[2025-06-19 07:08:50][Информация]: Подписки в порядке
[2025-06-19 07:08:50][Информация]: Парсинг начат
[2025-06-19 07:08:56][Информация]: /allbestbets/ Список прогнозов пуст в данный момент
[2025-06-19 07:08:57][Информация]: Парсинг закончен
[2025-06-19 07:09:27][Информация]: Проверка подписок...
[2025-06-19 07:09:30][Информация]: Подписки в порядке
[2025-06-19 07:09:30][Информация]: Парсинг начат
[2025-06-19 07:09:37][Информация]: /allbestbets/ Матчи на событие 409974658 не прошли проверку
[2025-06-19 07:09:37][Информация]: Парсинг закончен
[2025-06-19 07:10:07][Информация]: Проверка подписок...
[2025-06-19 07:10:11][Информация]: Подписки в порядке
[2025-06-19 07:10:11][Информация]: Парсинг начат
[2025-06-19 07:10:17][Информация]: /allbestbets/ Матчи на событие 409974658 не прошли проверку
[2025-06-19 07:10:17][Информация]: Парсинг закончен
[2025-06-19 07:10:47][Информация]: Проверка подписок...
[2025-06-19 07:10:51][Информация]: Подписки в порядке
[2025-06-19 07:10:51][Информация]: Парсинг начат
[2025-06-19 07:10:57][Информация]: /allbestbets/ Матчи на событие 409980978 не прошли проверку
[2025-06-19 07:11:05][Информация]: /allbestbets/ КФ Pinnacle выше КФ сравниваемого бк
[2025-06-19 07:11:05][Информация]: /allbestbets/ Матчи на событие 409934000 не прошли проверку
[2025-06-19 07:11:05][Информация]: Парсинг закончен
[2025-06-19 07:11:35][Информация]: Проверка подписок...
[2025-06-19 07:11:39][Информация]: Подписки в порядке
[2025-06-19 07:11:39][Информация]: Парсинг начат
[2025-06-19 07:11:53][Информация]: /allbestbets/ КФ Pinnacle выше КФ сравниваемого бк
[2025-06-19 07:11:53][Информация]: /allbestbets/ Матчи на событие 409934000 не прошли проверку
[2025-06-19 07:11:53][Информация]: /allbestbets/ Матчи на событие 409974658 не прошли проверку
[2025-06-19 07:11:53][Информация]: Парсинг закончен
[2025-06-19 07:12:23][Информация]: Проверка подписок...
[2025-06-19 07:12:27][Информация]: Подписки в порядке
[2025-06-19 07:12:27][Информация]: Парсинг начат
[2025-06-19 07:12:41][Информация]: /allbestbets/ КФ Pinnacle выше КФ сравниваемого бк
[2025-06-19 07:12:41][Информация]: /allbestbets/ Матчи на событие 409934000 не прошли проверку
[2025-06-19 07:12:41][Информация]: /allbestbets/ Матчи на событие 409974658 не прошли проверку
[2025-06-19 07:12:41][Информация]: Парсинг закончен
[2025-06-19 07:13:11][Информация]: Проверка подписок...
[2025-06-19 07:13:15][Информация]: Подписки в порядке
[2025-06-19 07:13:15][Информация]: Парсинг начат
[2025-06-19 07:13:29][Информация]: /allbestbets/ Букмекеры не найдены в таблице сравнения
[2025-06-19 07:13:29][Информация]: /allbestbets/ Матчи на событие 409934000 не прошли проверку
[2025-06-19 07:13:29][Информация]: /allbestbets/ Матчи на событие 409974658 не прошли проверку
[2025-06-19 07:13:29][Информация]: Парсинг закончен
[2025-06-19 07:13:59][Информация]: Проверка подписок...
[2025-06-19 07:14:02][Информация]: Подписки в порядке
[2025-06-19 07:14:02][Информация]: Парсинг начат
[2025-06-19 07:14:09][Информация]: /allbestbets/ Матчи на событие 409974658 не прошли проверку
[2025-06-19 07:14:09][Информация]: Парсинг закончен
[2025-06-19 07:14:39][Информация]: Проверка подписок...
[2025-06-19 07:14:43][Информация]: Подписки в порядке
[2025-06-19 07:14:43][Информация]: Парсинг начат
[2025-06-19 07:14:49][Информация]: /allbestbets/ Матчи на событие 409974658 не прошли проверку
[2025-06-19 07:14:49][Информация]: Парсинг закончен
[2025-06-19 07:15:19][Информация]: Проверка подписок...
[2025-06-19 07:15:23][Информация]: Подписки в порядке
[2025-06-19 07:15:23][Информация]: Парсинг начат
[2025-06-19 07:15:29][Информация]: /allbestbets/ Матчи на событие 409974658 не прошли проверку
[2025-06-19 07:15:39][Информация]: /allbestbets/ КФ Pinnacle выше КФ сравниваемого бк
[2025-06-19 07:15:39][Информация]: /allbestbets/ Матчи на событие 409934000 не прошли проверку
[2025-06-19 07:15:39][Информация]: Парсинг закончен
[2025-06-19 07:16:09][Информация]: Проверка подписок...
[2025-06-19 07:16:13][Информация]: Подписки в порядке
[2025-06-19 07:16:13][Информация]: Парсинг начат
[2025-06-19 07:16:27][Информация]: /allbestbets/ КФ Pinnacle выше КФ сравниваемого бк
[2025-06-19 07:16:27][Информация]: /allbestbets/ Матчи на событие 409934000 не прошли проверку
[2025-06-19 07:16:34][Информация]: /allbestbets/ Букмекеры не найдены в таблице сравнения
[2025-06-19 07:16:34][Информация]: /allbestbets/ Матчи на событие 409978447 не прошли проверку
[2025-06-19 07:16:34][Информация]: Парсинг закончен
[2025-06-19 07:17:04][Информация]: Проверка подписок...
[2025-06-19 07:17:08][Информация]: Подписки в порядке
[2025-06-19 07:17:08][Информация]: Парсинг начат
[2025-06-19 07:17:22][Информация]: /allbestbets/ КФ Pinnacle выше КФ сравниваемого бк
[2025-06-19 07:17:22][Информация]: /allbestbets/ Матчи на событие 409976810 не прошли проверку
[2025-06-19 07:17:29][Информация]: /allbestbets/ КФ Pinnacle выше КФ сравниваемого бк
[2025-06-19 07:17:29][Информация]: /allbestbets/ Матчи на событие 409934000 не прошли проверку
[2025-06-19 07:17:36][Информация]: /allbestbets/ Букмекеры не найдены в таблице сравнения
[2025-06-19 07:17:36][Информация]: /allbestbets/ Матчи на событие 409978447 не прошли проверку
[2025-06-19 07:17:43][Информация]: /allbestbets/ КФ Pinnacle выше КФ сравниваемого бк
[2025-06-19 07:17:43][Информация]: /allbestbets/ Матчи на событие 409966827 не прошли проверку
[2025-06-19 07:17:44][Информация]: Парсинг закончен
[2025-06-19 07:18:14][Информация]: Проверка подписок...
[2025-06-19 07:18:17][Информация]: Подписки в порядке
[2025-06-19 07:18:17][Информация]: Парсинг начат
[2025-06-19 07:18:31][Информация]: /allbestbets/ КФ Pinnacle выше КФ сравниваемого бк
[2025-06-19 07:18:31][Информация]: /allbestbets/ Матчи на событие 409976810 не прошли проверку
[2025-06-19 07:18:39][Информация]: /allbestbets/ КФ Pinnacle выше КФ сравниваемого бк
[2025-06-19 07:18:39][Информация]: /allbestbets/ Матчи на событие 409934000 не прошли проверку
[2025-06-19 07:18:46][Информация]: /allbestbets/ КФ Pinnacle выше КФ сравниваемого бк
[2025-06-19 07:18:46][Информация]: /allbestbets/ Матчи на событие 409966827 не прошли проверку
[2025-06-19 07:18:46][Информация]: Парсинг закончен
[2025-06-19 07:19:16][Информация]: Проверка подписок...
[2025-06-19 07:19:20][Информация]: Подписки в порядке
[2025-06-19 07:19:20][Информация]: Парсинг начат
[2025-06-19 07:19:34][Информация]: /allbestbets/ КФ Pinnacle выше КФ сравниваемого бк
[2025-06-19 07:19:34][Информация]: /allbestbets/ Матчи на событие 409934000 не прошли проверку
[2025-06-19 07:19:34][Информация]: /allbestbets/ Матчи на событие 409980978 не прошли проверку
[2025-06-19 07:19:41][Информация]: /allbestbets/ КФ Pinnacle выше КФ сравниваемого бк
[2025-06-19 07:19:41][Информация]: /allbestbets/ Матчи на событие 409978447 не прошли проверку
[2025-06-19 07:19:41][Информация]: Парсинг закончен
[2025-06-19 07:20:11][Информация]: Проверка подписок...
[2025-06-19 07:20:15][Информация]: Подписки в порядке
[2025-06-19 07:20:15][Информация]: Парсинг начат
[2025-06-19 07:20:29][Информация]: /allbestbets/ КФ Pinnacle выше КФ сравниваемого бк
[2025-06-19 07:20:29][Информация]: /allbestbets/ Матчи на событие 409934000 не прошли проверку
[2025-06-19 07:20:32][Предупреждение]: /allbestbets/ Попытка найти несуществующий селектор
[2025-06-19 07:20:32][Информация]: /allbestbets/ Матчи на событие 409960500 не прошли проверку
[2025-06-19 07:20:32][Информация]: Парсинг закончен
[2025-06-19 07:21:02][Информация]: Проверка подписок...
[2025-06-19 07:21:06][Информация]: Подписки в порядке
[2025-06-19 07:21:06][Информация]: Парсинг начат
[2025-06-19 07:21:16][Предупреждение]: /allbestbets/ Попытка найти несуществующий селектор
[2025-06-19 07:21:16][Информация]: /allbestbets/ Матчи на событие 409960500 не прошли проверку
[2025-06-19 07:21:16][Информация]: Парсинг закончен
[2025-06-19 07:21:46][Информация]: Проверка подписок...
[2025-06-19 07:21:50][Информация]: Подписки в порядке
[2025-06-19 07:21:50][Информация]: Парсинг начат
[2025-06-19 07:22:00][Предупреждение]: /allbestbets/ Попытка найти несуществующий селектор
[2025-06-19 07:22:00][Информация]: /allbestbets/ Матчи на событие 409960500 не прошли проверку
[2025-06-19 07:22:00][Информация]: Парсинг закончен
[2025-06-19 07:22:30][Информация]: Проверка подписок...
[2025-06-19 07:22:34][Информация]: Подписки в порядке
[2025-06-19 07:22:34][Информация]: Парсинг начат
[2025-06-19 07:22:47][Информация]: /allbestbets/ КФ Pinnacle выше КФ сравниваемого бк
[2025-06-19 07:22:47][Информация]: /allbestbets/ Матчи на событие 409934000 не прошли проверку
[2025-06-19 07:22:48][Информация]: Парсинг закончен
[2025-06-19 07:23:18][Информация]: Проверка подписок...
[2025-06-19 07:23:22][Информация]: Подписки в порядке
[2025-06-19 07:23:22][Информация]: Парсинг начат
[2025-06-19 07:23:28][Информация]: /allbestbets/ Список прогнозов пуст в данный момент
[2025-06-19 07:23:28][Информация]: Парсинг закончен
[2025-06-19 07:23:58][Информация]: Проверка подписок...
[2025-06-19 07:24:02][Информация]: Подписки в порядке
[2025-06-19 07:24:02][Информация]: Парсинг начат
[2025-06-19 07:24:08][Информация]: /allbestbets/ Список прогнозов пуст в данный момент
[2025-06-19 07:24:08][Информация]: Парсинг закончен
[2025-06-19 07:24:38][Информация]: Проверка подписок...
[2025-06-19 07:24:42][Информация]: Подписки в порядке
[2025-06-19 07:24:42][Информация]: Парсинг начат
[2025-06-19 07:24:48][Информация]: /allbestbets/ Список прогнозов пуст в данный момент
[2025-06-19 07:24:48][Информация]: Парсинг закончен
[2025-06-19 07:25:18][Информация]: Проверка подписок...
[2025-06-19 07:25:22][Информация]: Подписки в порядке
[2025-06-19 07:25:22][Информация]: Парсинг начат
[2025-06-19 07:25:36][Информация]: /allbestbets/ КФ Pinnacle выше КФ сравниваемого бк
[2025-06-19 07:25:36][Информация]: /allbestbets/ Матчи на событие 409934000 не прошли проверку
[2025-06-19 07:25:36][Информация]: Парсинг закончен
[2025-06-19 07:26:06][Информация]: Проверка подписок...
[2025-06-19 07:26:09][Информация]: Подписки в порядке
[2025-06-19 07:26:09][Информация]: Парсинг начат
[2025-06-19 07:26:23][Информация]: /allbestbets/ КФ Pinnacle выше КФ сравниваемого бк
[2025-06-19 07:26:23][Информация]: /allbestbets/ Матчи на событие 409934000 не прошли проверку
[2025-06-19 07:26:26][Предупреждение]: /allbestbets/ Попытка найти несуществующий селектор
[2025-06-19 07:26:26][Информация]: /allbestbets/ Матчи на событие 409935880 не прошли проверку
[2025-06-19 07:26:26][Информация]: /allbestbets/ Матчи на событие 409936627 не прошли проверку
[2025-06-19 07:26:29][Предупреждение]: /allbestbets/ Попытка найти несуществующий селектор
[2025-06-19 07:26:29][Информация]: /allbestbets/ Матчи на событие 409936625 не прошли проверку
[2025-06-19 07:26:29][Информация]: Парсинг закончен
[2025-06-19 07:26:59][Информация]: Проверка подписок...
[2025-06-19 07:27:03][Информация]: Подписки в порядке
[2025-06-19 07:27:03][Информация]: Парсинг начат
[2025-06-19 07:27:17][Информация]: /allbestbets/ КФ Pinnacle выше КФ сравниваемого бк
[2025-06-19 07:27:17][Информация]: /allbestbets/ Матчи на событие 409934000 не прошли проверку
[2025-06-19 07:27:20][Предупреждение]: /allbestbets/ Попытка найти несуществующий селектор
[2025-06-19 07:27:20][Информация]: /allbestbets/ Матчи на событие 409935880 не прошли проверку
[2025-06-19 07:27:20][Информация]: /allbestbets/ Матчи на событие 409980978 не прошли проверку
[2025-06-19 07:27:20][Информация]: /allbestbets/ Матчи на событие 409936627 не прошли проверку
[2025-06-19 07:27:23][Предупреждение]: /allbestbets/ Попытка найти несуществующий селектор
[2025-06-19 07:27:23][Информация]: /allbestbets/ Матчи на событие 409936625 не прошли проверку
[2025-06-19 07:27:27][Информация]: /allbestbets/ КФ Pinnacle выше КФ сравниваемого бк
[2025-06-19 07:27:27][Информация]: /allbestbets/ Матчи на событие 409932817 не прошли проверку
[2025-06-19 07:27:28][Информация]: Парсинг закончен
[2025-06-19 07:27:58][Информация]: Проверка подписок...
[2025-06-19 07:28:01][Информация]: Подписки в порядке
[2025-06-19 07:28:01][Информация]: Парсинг начат
[2025-06-19 07:28:15][Информация]: /allbestbets/ КФ Pinnacle выше КФ сравниваемого бк
[2025-06-19 07:28:15][Информация]: /allbestbets/ Матчи на событие 409934000 не прошли проверку
[2025-06-19 07:28:18][Предупреждение]: /allbestbets/ Попытка найти несуществующий селектор
[2025-06-19 07:28:18][Информация]: /allbestbets/ Матчи на событие 409935880 не прошли проверку
[2025-06-19 07:28:18][Информация]: /allbestbets/ Матчи на событие 409936627 не прошли проверку
[2025-06-19 07:28:21][Предупреждение]: /allbestbets/ Попытка найти несуществующий селектор
[2025-06-19 07:28:21][Информация]: /allbestbets/ Матчи на событие 409936625 не прошли проверку
[2025-06-19 07:28:21][Информация]: Парсинг закончен
[2025-06-19 07:28:51][Информация]: Проверка подписок...
[2025-06-19 07:28:55][Информация]: Подписки в порядке
[2025-06-19 07:28:55][Информация]: Парсинг начат
[2025-06-19 07:29:09][Информация]: /allbestbets/ КФ Pinnacle выше КФ сравниваемого бк
[2025-06-19 07:29:09][Информация]: /allbestbets/ Матчи на событие 409934000 не прошли проверку
[2025-06-19 07:29:12][Предупреждение]: /allbestbets/ Попытка найти несуществующий селектор
[2025-06-19 07:29:12][Информация]: /allbestbets/ Матчи на событие 409935880 не прошли проверку
[2025-06-19 07:29:12][Информация]: /allbestbets/ Матчи на событие 409980978 не прошли проверку
[2025-06-19 07:29:12][Информация]: /allbestbets/ Матчи на событие 409936627 не прошли проверку
[2025-06-19 07:29:15][Предупреждение]: /allbestbets/ Попытка найти несуществующий селектор
[2025-06-19 07:29:15][Информация]: /allbestbets/ Матчи на событие 409936625 не прошли проверку
[2025-06-19 07:29:15][Информация]: Парсинг закончен
[2025-06-19 07:29:46][Информация]: Проверка подписок...
[2025-06-19 07:29:49][Информация]: Подписки в порядке
[2025-06-19 07:29:49][Информация]: Парсинг начат
[2025-06-19 07:30:03][Информация]: /allbestbets/ КФ Pinnacle выше КФ сравниваемого бк
[2025-06-19 07:30:03][Информация]: /allbestbets/ Матчи на событие 409934000 не прошли проверку
[2025-06-19 07:30:06][Предупреждение]: /allbestbets/ Попытка найти несуществующий селектор
[2025-06-19 07:30:06][Информация]: /allbestbets/ Матчи на событие 409935880 не прошли проверку
[2025-06-19 07:30:06][Информация]: /allbestbets/ Матчи на событие 409981417 не прошли проверку
[2025-06-19 07:30:09][Предупреждение]: /allbestbets/ Попытка найти несуществующий селектор
[2025-06-19 07:30:09][Информация]: /allbestbets/ Матчи на событие 409936625 не прошли проверку
[2025-06-19 07:30:10][Информация]: Парсинг закончен
[2025-06-19 07:30:40][Информация]: Проверка подписок...
[2025-06-19 07:30:43][Информация]: Подписки в порядке
[2025-06-19 07:30:43][Информация]: Парсинг начат
[2025-06-19 07:30:57][Информация]: /allbestbets/ КФ Pinnacle выше КФ сравниваемого бк
[2025-06-19 07:30:57][Информация]: /allbestbets/ Матчи на событие 409935880 не прошли проверку
[2025-06-19 07:31:00][Предупреждение]: /allbestbets/ Попытка найти несуществующий селектор
[2025-06-19 07:31:00][Информация]: /allbestbets/ Матчи на событие 409936625 не прошли проверку
[2025-06-19 07:31:00][Информация]: /allbestbets/ Матчи на событие 409970622 не прошли проверку
[2025-06-19 07:31:00][Информация]: Парсинг закончен
[2025-06-19 07:31:30][Информация]: Проверка подписок...
[2025-06-19 07:31:34][Информация]: Подписки в порядке
[2025-06-19 07:31:34][Информация]: Парсинг начат
[2025-06-19 07:31:44][Предупреждение]: /allbestbets/ Попытка найти несуществующий селектор
[2025-06-19 07:31:44][Информация]: /allbestbets/ Матчи на событие 409980984 не прошли проверку
[2025-06-19 07:31:44][Информация]: /allbestbets/ Матчи на событие 409970622 не прошли проверку
[2025-06-19 07:31:44][Информация]: Парсинг закончен
[2025-06-19 07:32:14][Информация]: Проверка подписок...
[2025-06-19 07:32:18][Информация]: Подписки в порядке
[2025-06-19 07:32:18][Информация]: Парсинг начат
[2025-06-19 07:32:32][Информация]: /allbestbets/ КФ Pinnacle выше КФ сравниваемого бк
[2025-06-19 07:32:32][Информация]: /allbestbets/ Матчи на событие 409934000 не прошли проверку
[2025-06-19 07:32:32][Информация]: Парсинг закончен
[2025-06-19 07:33:02][Информация]: Проверка подписок...
[2025-06-19 07:33:06][Информация]: Подписки в порядке
[2025-06-19 07:33:06][Информация]: Парсинг начат
[2025-06-19 07:33:12][Информация]: /allbestbets/ Матчи на событие 409980978 не прошли проверку
[2025-06-19 07:33:13][Информация]: Парсинг закончен
[2025-06-19 07:33:43][Информация]: Проверка подписок...
[2025-06-19 07:33:47][Информация]: Подписки в порядке
[2025-06-19 07:33:47][Информация]: Парсинг начат
[2025-06-19 07:33:53][Информация]: /allbestbets/ Матчи на событие 409981417 не прошли проверку
[2025-06-19 07:33:53][Информация]: Парсинг закончен
[2025-06-19 07:34:23][Информация]: Проверка подписок...
[2025-06-19 07:34:27][Информация]: Подписки в порядке
[2025-06-19 07:34:27][Информация]: Парсинг начат
[2025-06-19 07:34:34][Информация]: /allbestbets/ Список прогнозов пуст в данный момент
[2025-06-19 07:34:34][Информация]: Парсинг закончен
[2025-06-19 07:35:04][Информация]: Проверка подписок...
[2025-06-19 07:35:08][Информация]: Подписки в порядке
[2025-06-19 07:35:08][Информация]: Парсинг начат
[2025-06-19 07:35:14][Информация]: /allbestbets/ Матчи на событие 409980978 не прошли проверку
[2025-06-19 07:35:14][Информация]: Парсинг закончен
[2025-06-19 07:35:44][Информация]: Проверка подписок...
[2025-06-19 07:35:48][Информация]: Подписки в порядке
[2025-06-19 07:35:48][Информация]: Парсинг начат
[2025-06-19 07:35:54][Информация]: /allbestbets/ Матчи на событие 409981417 не прошли проверку
[2025-06-19 07:35:55][Информация]: Парсинг закончен
[2025-06-19 07:36:06][Предупреждение]: Received SIGINT signal
