[2025-06-19 06:45:44][Информация]: Таска поднялась
[2025-06-19 06:45:44][Информация]: Проверка подписок...
[2025-06-19 06:45:48][Информация]: Подписки в порядке
[2025-06-19 06:45:48][Информация]: Парсинг начат
[2025-06-19 06:45:54][Информация]: /allbestbets/ Список прогнозов пуст в данный момент
[2025-06-19 06:45:54][Информация]: Парсинг закончен
[2025-06-19 06:46:24][Информация]: Проверка подписок...
[2025-06-19 06:46:28][Информация]: Подписки в порядке
[2025-06-19 06:46:28][Информация]: Парсинг начат
[2025-06-19 06:46:34][Информация]: /allbestbets/ Матчи на это событие не прошли проверку
[2025-06-19 06:46:34][Информация]: Парсинг закончен
[2025-06-19 06:47:04][Информация]: Проверка подписок...
[2025-06-19 06:47:08][Информация]: Подписки в порядке
[2025-06-19 06:47:08][Информация]: Парсинг начат
[2025-06-19 06:47:15][Информация]: /allbestbets/ Матчи на это событие не прошли проверку
[2025-06-19 06:47:15][Информация]: Парсинг закончен
[2025-06-19 06:47:45][Информация]: Проверка подписок...
[2025-06-19 06:47:49][Информация]: Подписки в порядке
[2025-06-19 06:47:49][Информация]: Парсинг начат
[2025-06-19 06:47:55][Информация]: /allbestbets/ Матчи на это событие не прошли проверку
[2025-06-19 06:47:55][Информация]: Парсинг закончен
[2025-06-19 06:48:04][Предупреждение]: Received SIGINT signal
