[2025-06-18 23:49:33][Информация]: Таска поднялась
[2025-06-18 23:49:33][Информация]: Проверка подписок...
[2025-06-18 23:49:37][Информация]: Подписки в порядке
[2025-06-18 23:49:37][Информация]: Парсинг начат
[2025-06-18 23:49:43][Информация]: /allbestbets/ Список прогнозов пуст в данный момент
[2025-06-18 23:49:43][Информация]: Парсинг закончен
[2025-06-18 23:50:13][Информация]: Проверка подписок...
[2025-06-18 23:50:17][Информация]: Подписки в порядке
[2025-06-18 23:50:17][Информация]: Парсинг начат
[2025-06-18 23:50:23][Информация]: /allbestbets/ Список прогнозов пуст в данный момент
[2025-06-18 23:50:23][Информация]: Парсинг закончен
[2025-06-18 23:50:53][Информация]: Проверка подписок...
[2025-06-18 23:50:57][Информация]: Подписки в порядке
[2025-06-18 23:50:57][Информация]: Парсинг начат
[2025-06-18 23:51:10][Информация]: Парсинг закончен
[2025-06-18 23:51:40][Информация]: Проверка подписок...
[2025-06-18 23:51:44][Информация]: Подписки в порядке
[2025-06-18 23:51:44][Информация]: Парсинг начат
[2025-06-18 23:51:57][Информация]: Парсинг закончен
[2025-06-18 23:52:27][Информация]: Проверка подписок...
[2025-06-18 23:52:31][Информация]: Подписки в порядке
[2025-06-18 23:52:31][Информация]: Парсинг начат
[2025-06-18 23:52:32][Ошибка]: argument of type 'Error' is not iterable
[2025-06-18 23:52:32][Информация]: Парсинг закончен
[2025-06-18 23:53:02][Информация]: Проверка подписок...
[2025-06-18 23:53:06][Информация]: Подписки в порядке
[2025-06-18 23:53:06][Информация]: Парсинг начат
[2025-06-18 23:53:20][Предупреждение]: /allbestbets/ Попытка найти несуществующий селектор
[2025-06-18 23:53:20][Информация]: Парсинг закончен
[2025-06-18 23:53:50][Информация]: Проверка подписок...
[2025-06-18 23:53:54][Информация]: Подписки в порядке
[2025-06-18 23:53:54][Информация]: Парсинг начат
[2025-06-18 23:54:08][Предупреждение]: /allbestbets/ Попытка найти несуществующий селектор
[2025-06-18 23:54:19][Информация]: Парсинг закончен
[2025-06-18 23:54:49][Информация]: Проверка подписок...
[2025-06-18 23:54:52][Информация]: Подписки в порядке
[2025-06-18 23:54:52][Информация]: Парсинг начат
[2025-06-18 23:55:09][Информация]: Парсинг закончен
[2025-06-18 23:55:39][Информация]: Проверка подписок...
[2025-06-18 23:55:43][Информация]: Подписки в порядке
[2025-06-18 23:55:43][Информация]: Парсинг начат
[2025-06-18 23:56:00][Информация]: Парсинг закончен
[2025-06-18 23:56:30][Информация]: Проверка подписок...
[2025-06-18 23:56:34][Информация]: Подписки в порядке
[2025-06-18 23:56:34][Информация]: Парсинг начат
[2025-06-18 23:56:51][Информация]: Парсинг закончен
[2025-06-18 23:57:21][Информация]: Проверка подписок...
[2025-06-18 23:57:25][Информация]: Подписки в порядке
[2025-06-18 23:57:25][Информация]: Парсинг начат
[2025-06-18 23:57:42][Информация]: Парсинг закончен
[2025-06-18 23:57:53][Предупреждение]: Received SIGINT signal
